2017-11-20 11:24:00.729 DEBUG 9100 --- [restartedMain] o.s.w.c.s.StandardServletEnvironment     : Adding PropertySource 'servletConfigInitParams' with lowest search precedence
2017-11-20 11:24:00.745 DEBUG 9100 --- [restartedMain] o.s.w.c.s.StandardServletEnvironment     : Adding PropertySource 'servletContextInitParams' with lowest search precedence
2017-11-20 11:24:00.745 DEBUG 9100 --- [restartedMain] o.s.w.c.s.StandardServletEnvironment     : Adding PropertySource 'systemProperties' with lowest search precedence
2017-11-20 11:24:00.745 DEBUG 9100 --- [restartedMain] o.s.w.c.s.StandardServletEnvironment     : Adding PropertySource 'systemEnvironment' with lowest search precedence
2017-11-20 11:24:00.745 DEBUG 9100 --- [restartedMain] o.s.w.c.s.StandardServletEnvironment     : Initialized StandardServletEnvironment with PropertySources [StubPropertySource {name='servletConfigInitParams'}, StubPropertySource {name='servletContextInitParams'}, MapPropertySource {name='systemProperties'}, SystemEnvironmentPropertySource {name='systemEnvironment'}]
2017-11-20 11:24:00.776  INFO 9100 --- [restartedMain] com.lk.Application                       : Starting Application on DESKTOP-1I98NIE with PID 9100 (D:\code\ws\mybatis-boot\target\classes started by root in D:\code\ws\mybatis-boot)
2017-11-20 11:24:00.776  INFO 9100 --- [restartedMain] com.lk.Application                       : No active profile set, falling back to default profiles: default
2017-11-20 11:24:00.808  INFO 9100 --- [restartedMain] ationConfigEmbeddedWebApplicationContext : Refreshing org.springframework.boot.context.embedded.AnnotationConfigEmbeddedWebApplicationContext@1ae1cb1: startup date [Mon Nov 20 11:24:00 CST 2017]; root of context hierarchy
2017-11-20 11:24:00.960 DEBUG 9100 --- [restartedMain] o.s.w.c.s.StandardServletEnvironment     : Adding PropertySource 'class path resource [redis.properties]' with lowest search precedence
2017-11-20 11:24:00.976 DEBUG 9100 --- [restartedMain] o.s.w.c.s.StandardServletEnvironment     : Replacing PropertySource 'class path resource [redis.properties]' with 'class path resource [redis.properties]'
2017-11-20 11:24:01.537 DEBUG 9100 --- [restartedMain] o.m.s.mapper.ClassPathMapperScanner      : Identified candidate component class: file [D:\code\ws\mybatis-boot\target\classes\com\lk\mapper\UserMapper.class]
2017-11-20 11:24:01.537 DEBUG 9100 --- [restartedMain] o.m.s.mapper.ClassPathMapperScanner      : Creating MapperFactoryBean with name 'userMapper' and 'com.lk.mapper.UserMapper' mapperInterface
2017-11-20 11:24:01.537 DEBUG 9100 --- [restartedMain] o.m.s.mapper.ClassPathMapperScanner      : Identified candidate component class: file [D:\code\ws\mybatis-boot\target\classes\com\lk\mapper_ds2\UserMapper2.class]
2017-11-20 11:24:01.537 DEBUG 9100 --- [restartedMain] o.m.s.mapper.ClassPathMapperScanner      : Creating MapperFactoryBean with name 'userMapper2' and 'com.lk.mapper_ds2.UserMapper2' mapperInterface
2017-11-20 11:24:01.537 DEBUG 9100 --- [restartedMain] o.m.s.mapper.ClassPathMapperScanner      : Identified candidate component class: file [D:\code\ws\mybatis-boot\target\classes\com\lk\mapper_ds3\UserMapper3.class]
2017-11-20 11:24:01.537 DEBUG 9100 --- [restartedMain] o.m.s.mapper.ClassPathMapperScanner      : Identified candidate component class: file [D:\code\ws\mybatis-boot\target\classes\com\lk\mapper_ds3\UserMapper4.class]
2017-11-20 11:24:01.537 DEBUG 9100 --- [restartedMain] o.m.s.mapper.ClassPathMapperScanner      : Creating MapperFactoryBean with name 'userMapper3' and 'com.lk.mapper_ds3.UserMapper3' mapperInterface
2017-11-20 11:24:01.537 DEBUG 9100 --- [restartedMain] o.m.s.mapper.ClassPathMapperScanner      : Creating MapperFactoryBean with name 'userMapper4' and 'com.lk.mapper_ds3.UserMapper4' mapperInterface
2017-11-20 11:24:01.741  INFO 9100 --- [restartedMain] .s.d.r.c.RepositoryConfigurationDelegate : Multiple Spring Data modules found, entering strict repository configuration mode!
2017-11-20 11:24:01.984 DEBUG 9100 --- [restartedMain] o.s.w.c.s.StandardServletEnvironment     : Adding PropertySource 'applicationConfig: [classpath:/application.properties]' with search precedence immediately lower than 'applicationConfigurationProperties'
2017-11-20 11:24:01.984 DEBUG 9100 --- [restartedMain] o.s.w.c.s.StandardServletEnvironment     : Removing PropertySource 'applicationConfigurationProperties'
2017-11-20 11:24:01.984 DEBUG 9100 --- [restartedMain] o.s.w.c.s.StandardServletEnvironment     : Removing PropertySource 'defaultProperties'
2017-11-20 11:24:02.389  INFO 9100 --- [restartedMain] org.eclipse.jetty.util.log               : Logging initialized @2208ms to org.eclipse.jetty.util.log.Slf4jLog
2017-11-20 11:24:02.543  INFO 9100 --- [restartedMain] e.j.JettyEmbeddedServletContainerFactory : Server initialized with port: 8080
2017-11-20 11:24:02.543  INFO 9100 --- [restartedMain] org.eclipse.jetty.server.Server          : jetty-9.4.7.v20170914
2017-11-20 11:24:02.590  INFO 9100 --- [restartedMain] org.eclipse.jetty.server.session         : DefaultSessionIdManager workerName=node0
2017-11-20 11:24:02.590  INFO 9100 --- [restartedMain] org.eclipse.jetty.server.session         : No SessionScavenger set, using defaults
2017-11-20 11:24:02.590  INFO 9100 --- [restartedMain] org.eclipse.jetty.server.session         : Scavenging every 660000ms
2017-11-20 11:24:02.590  INFO 9100 --- [restartedMain] o.e.j.s.h.ContextHandler.application     : Initializing Spring embedded WebApplicationContext
2017-11-20 11:24:02.590 DEBUG 9100 --- [restartedMain] o.s.web.context.ContextLoader            : Published root WebApplicationContext as ServletContext attribute with name [org.springframework.web.context.WebApplicationContext.ROOT]
2017-11-20 11:24:02.590  INFO 9100 --- [restartedMain] o.s.web.context.ContextLoader            : Root WebApplicationContext: initialization completed in 1782 ms
2017-11-20 11:24:02.901  INFO 9100 --- [restartedMain] o.s.b.w.servlet.FilterRegistrationBean   : Mapping filter: 'metricsFilter' to: [/*]
2017-11-20 11:24:02.901  INFO 9100 --- [restartedMain] o.s.b.w.servlet.FilterRegistrationBean   : Mapping filter: 'characterEncodingFilter' to: [/*]
2017-11-20 11:24:02.901  INFO 9100 --- [restartedMain] o.s.b.w.servlet.FilterRegistrationBean   : Mapping filter: 'hiddenHttpMethodFilter' to: [/*]
2017-11-20 11:24:02.901  INFO 9100 --- [restartedMain] o.s.b.w.servlet.FilterRegistrationBean   : Mapping filter: 'httpPutFormContentFilter' to: [/*]
2017-11-20 11:24:02.901  INFO 9100 --- [restartedMain] o.s.b.w.servlet.FilterRegistrationBean   : Mapping filter: 'requestContextFilter' to: [/*]
2017-11-20 11:24:02.901  INFO 9100 --- [restartedMain] .s.DelegatingFilterProxyRegistrationBean : Mapping filter: 'springSecurityFilterChain' to: [/*]
2017-11-20 11:24:02.901  INFO 9100 --- [restartedMain] o.s.b.w.servlet.FilterRegistrationBean   : Mapping filter: 'webRequestLoggingFilter' to: [/*]
2017-11-20 11:24:02.901  INFO 9100 --- [restartedMain] o.s.b.w.servlet.FilterRegistrationBean   : Mapping filter: 'applicationContextIdFilter' to: [/*]
2017-11-20 11:24:02.901  INFO 9100 --- [restartedMain] o.s.b.w.servlet.ServletRegistrationBean  : Mapping servlet: 'lk2Servlet' to [/zxc/*]
2017-11-20 11:24:02.901  INFO 9100 --- [restartedMain] o.s.b.w.servlet.ServletRegistrationBean  : Mapping servlet: 'dispatcherServlet' to [/]
2017-11-20 11:24:02.901  INFO 9100 --- [restartedMain] o.e.jetty.server.handler.ContextHandler  : Started o.s.b.c.e.j.JettyEmbeddedWebAppContext@81e497{/,[file:///D:/Users/root/AppData/Local/Temp/jetty-docbase.119485795492337677.8080/],AVAILABLE}
2017-11-20 11:24:02.901  INFO 9100 --- [restartedMain] org.eclipse.jetty.server.Server          : Started @2718ms
2017-11-20 11:24:02.901 DEBUG 9100 --- [restartedMain] o.s.w.c.s.StandardServletEnvironment     : Replacing PropertySource 'servletContextInitParams' with 'servletContextInitParams'
2017-11-20 11:24:03.177  WARN 9100 --- [restartedMain] figurationPropertiesBindingPostProcessor : The @ConfigurationProperties bean class com.lk.test.RedisProps contains validation constraints but had not been annotated with @Validated.
2017-11-20 11:24:03.177  WARN 9100 --- [restartedMain] figurationPropertiesBindingPostProcessor : The @ConfigurationProperties bean class com.lk.test.RedisProps contains validation constraints but had not been annotated with @Validated.
2017-11-20 11:24:03.177  WARN 9100 --- [restartedMain] figurationPropertiesBindingPostProcessor : The @ConfigurationProperties bean class com.lk.test.RedisProps contains validation constraints but had not been annotated with @Validated.
2017-11-20 11:24:03.357 DEBUG 9100 --- [restartedMain] o.mybatis.spring.SqlSessionFactoryBean   : Property `configuration` or 'configLocation' not specified, using default MyBatis Configuration
2017-11-20 11:24:03.451 DEBUG 9100 --- [restartedMain] o.mybatis.spring.SqlSessionFactoryBean   : Parsed mapper file: 'file [D:\code\ws\mybatis-boot\target\classes\mybatis\mapper\UserMapper.xml]'
2017-11-20 11:24:03.504 DEBUG 9100 --- [restartedMain] o.mybatis.spring.SqlSessionFactoryBean   : Property `configuration` or 'configLocation' not specified, using default MyBatis Configuration
2017-11-20 11:24:03.511 DEBUG 9100 --- [restartedMain] o.mybatis.spring.SqlSessionFactoryBean   : Parsed mapper file: 'file [D:\code\ws\mybatis-boot\target\classes\mybatis\mapper-oracle\UserMapper.xml]'
2017-11-20 11:24:03.531 DEBUG 9100 --- [restartedMain] o.mybatis.spring.SqlSessionFactoryBean   : Property `configuration` or 'configLocation' not specified, using default MyBatis Configuration
2017-11-20 11:24:03.547 DEBUG 9100 --- [restartedMain] o.mybatis.spring.SqlSessionFactoryBean   : Parsed mapper file: 'file [D:\code\ws\mybatis-boot\target\classes\mybatis\mapper-oracle2\UserMapper.xml]'
2017-11-20 11:24:03.750  INFO 9100 --- [restartedMain] b.a.s.AuthenticationManagerConfiguration : 

Using default security password: 781cc742-6a25-460a-b08e-ed07329c17d1

2017-11-20 11:24:03.797  INFO 9100 --- [restartedMain] o.s.s.web.DefaultSecurityFilterChain     : Creating filter chain: Ant [pattern='/js/**'], []
2017-11-20 11:24:03.797  INFO 9100 --- [restartedMain] o.s.s.web.DefaultSecurityFilterChain     : Creating filter chain: Ant [pattern='/css/**'], []
2017-11-20 11:24:03.797  INFO 9100 --- [restartedMain] o.s.s.web.DefaultSecurityFilterChain     : Creating filter chain: Ant [pattern='/images/**'], []
2017-11-20 11:24:03.797  INFO 9100 --- [restartedMain] o.s.s.web.DefaultSecurityFilterChain     : Creating filter chain: Ant [pattern='/**/favicon.ico'], []
2017-11-20 11:24:03.890  INFO 9100 --- [restartedMain] o.s.s.web.DefaultSecurityFilterChain     : Creating filter chain: org.springframework.security.web.util.matcher.AnyRequestMatcher@1, [org.springframework.security.web.context.request.async.WebAsyncManagerIntegrationFilter@1dd7123, org.springframework.security.web.context.SecurityContextPersistenceFilter@13cd950, org.springframework.security.web.header.HeaderWriterFilter@a99f79, org.springframework.security.web.csrf.CsrfFilter@45e0da, org.springframework.security.web.authentication.logout.LogoutFilter@17944ce, org.springframework.security.web.authentication.UsernamePasswordAuthenticationFilter@f515e2, org.springframework.security.web.session.ConcurrentSessionFilter@cb45ca, org.springframework.security.web.authentication.www.BasicAuthenticationFilter@79aa0d, org.springframework.security.web.savedrequest.RequestCacheAwareFilter@637dac, org.springframework.security.web.servletapi.SecurityContextHolderAwareRequestFilter@1d94b3f, org.springframework.security.web.authentication.AnonymousAuthenticationFilter@13f59a1, org.springframework.security.web.session.SessionManagementFilter@5e6bb6, org.springframework.security.web.access.ExceptionTranslationFilter@120b3b7, org.springframework.security.web.access.intercept.FilterSecurityInterceptor@11021ef]
2017-11-20 11:24:03.922 DEBUG 9100 --- [restartedMain] s.w.s.m.m.a.RequestMappingHandlerMapping : Looking for request mappings in application context: org.springframework.boot.context.embedded.AnnotationConfigEmbeddedWebApplicationContext@1ae1cb1: startup date [Mon Nov 20 11:24:00 CST 2017]; root of context hierarchy
2017-11-20 11:24:03.937 DEBUG 9100 --- [restartedMain] s.w.s.m.m.a.RequestMappingHandlerMapping : 10 request handler methods found on class com.lk.UserController: {public void com.lk.UserController.update(com.lk.UserEntity)={[/update]}, public void com.lk.UserController.delete(java.lang.Long)={[/delete/{id}]}, public void com.lk.UserController.save(com.lk.UserEntity)={[/add]}, public java.lang.String com.lk.UserController.login(javax.servlet.http.HttpServletRequest,javax.servlet.http.HttpServletResponse)={[/login]}, public java.util.List com.lk.UserController.getUsers()={[/getUsers]}, public com.lk.UserEntity com.lk.UserController.getUser(java.lang.Long)={[/getUser]}, public void com.lk.UserController.health(com.lk.UserEntity)={[/health]}, public java.util.Map com.lk.UserController.getLimitQuatoBaseInfo3(java.lang.Long)={[/getLimitQuatoBaseInfo3]}, public java.util.HashMap com.lk.UserController.getLimitQuatoBaseInfo1(java.lang.Long)={[/getLimitQuatoBaseInfo1]}, public java.lang.String com.lk.UserController.getLimitQuatoBaseInfo2(java.lang.Long)={[/getLimitQuatoBaseInfo2]}}
2017-11-20 11:24:03.937  INFO 9100 --- [restartedMain] s.w.s.m.m.a.RequestMappingHandlerMapping : Mapped "{[/update]}" onto public void com.lk.UserController.update(com.lk.UserEntity)
2017-11-20 11:24:03.937  INFO 9100 --- [restartedMain] s.w.s.m.m.a.RequestMappingHandlerMapping : Mapped "{[/delete/{id}]}" onto public void com.lk.UserController.delete(java.lang.Long)
2017-11-20 11:24:03.937  INFO 9100 --- [restartedMain] s.w.s.m.m.a.RequestMappingHandlerMapping : Mapped "{[/add]}" onto public void com.lk.UserController.save(com.lk.UserEntity)
2017-11-20 11:24:03.937  INFO 9100 --- [restartedMain] s.w.s.m.m.a.RequestMappingHandlerMapping : Mapped "{[/login]}" onto public java.lang.String com.lk.UserController.login(javax.servlet.http.HttpServletRequest,javax.servlet.http.HttpServletResponse)
2017-11-20 11:24:03.937  INFO 9100 --- [restartedMain] s.w.s.m.m.a.RequestMappingHandlerMapping : Mapped "{[/getUsers]}" onto public java.util.List<com.lk.UserEntity> com.lk.UserController.getUsers()
2017-11-20 11:24:03.937  INFO 9100 --- [restartedMain] s.w.s.m.m.a.RequestMappingHandlerMapping : Mapped "{[/getUser]}" onto public com.lk.UserEntity com.lk.UserController.getUser(java.lang.Long)
2017-11-20 11:24:03.937  INFO 9100 --- [restartedMain] s.w.s.m.m.a.RequestMappingHandlerMapping : Mapped "{[/health]}" onto public void com.lk.UserController.health(com.lk.UserEntity)
2017-11-20 11:24:03.937  INFO 9100 --- [restartedMain] s.w.s.m.m.a.RequestMappingHandlerMapping : Mapped "{[/getLimitQuatoBaseInfo3]}" onto public java.util.Map com.lk.UserController.getLimitQuatoBaseInfo3(java.lang.Long)
2017-11-20 11:24:03.937  INFO 9100 --- [restartedMain] s.w.s.m.m.a.RequestMappingHandlerMapping : Mapped "{[/getLimitQuatoBaseInfo1]}" onto public java.util.HashMap com.lk.UserController.getLimitQuatoBaseInfo1(java.lang.Long)
2017-11-20 11:24:03.937  INFO 9100 --- [restartedMain] s.w.s.m.m.a.RequestMappingHandlerMapping : Mapped "{[/getLimitQuatoBaseInfo2]}" onto public java.lang.String com.lk.UserController.getLimitQuatoBaseInfo2(java.lang.Long)
2017-11-20 11:24:03.937 DEBUG 9100 --- [restartedMain] s.w.s.m.m.a.RequestMappingHandlerMapping : 2 request handler methods found on class org.springframework.boot.autoconfigure.web.BasicErrorController: {public org.springframework.http.ResponseEntity org.springframework.boot.autoconfigure.web.BasicErrorController.error(javax.servlet.http.HttpServletRequest)={[/error]}, public org.springframework.web.servlet.ModelAndView org.springframework.boot.autoconfigure.web.BasicErrorController.errorHtml(javax.servlet.http.HttpServletRequest,javax.servlet.http.HttpServletResponse)={[/error],produces=[text/html]}}
2017-11-20 11:24:03.953  INFO 9100 --- [restartedMain] s.w.s.m.m.a.RequestMappingHandlerMapping : Mapped "{[/error]}" onto public org.springframework.http.ResponseEntity<java.util.Map<java.lang.String, java.lang.Object>> org.springframework.boot.autoconfigure.web.BasicErrorController.error(javax.servlet.http.HttpServletRequest)
2017-11-20 11:24:03.953  INFO 9100 --- [restartedMain] s.w.s.m.m.a.RequestMappingHandlerMapping : Mapped "{[/error],produces=[text/html]}" onto public org.springframework.web.servlet.ModelAndView org.springframework.boot.autoconfigure.web.BasicErrorController.errorHtml(javax.servlet.http.HttpServletRequest,javax.servlet.http.HttpServletResponse)
2017-11-20 11:24:03.984 DEBUG 9100 --- [restartedMain] o.s.w.s.h.BeanNameUrlHandlerMapping      : Looking for URL mappings in application context: org.springframework.boot.context.embedded.AnnotationConfigEmbeddedWebApplicationContext@1ae1cb1: startup date [Mon Nov 20 11:24:00 CST 2017]; root of context hierarchy
2017-11-20 11:24:03.984 DEBUG 9100 --- [restartedMain] o.s.w.s.h.BeanNameUrlHandlerMapping      : Rejected bean name 'org.springframework.context.annotation.internalConfigurationAnnotationProcessor': no URL paths identified
2017-11-20 11:24:03.984 DEBUG 9100 --- [restartedMain] o.s.w.s.h.BeanNameUrlHandlerMapping      : Rejected bean name 'org.springframework.context.annotation.internalAutowiredAnnotationProcessor': no URL paths identified
2017-11-20 11:24:03.984 DEBUG 9100 --- [restartedMain] o.s.w.s.h.BeanNameUrlHandlerMapping      : Rejected bean name 'org.springframework.context.annotation.internalRequiredAnnotationProcessor': no URL paths identified
2017-11-20 11:24:03.984 DEBUG 9100 --- [restartedMain] o.s.w.s.h.BeanNameUrlHandlerMapping      : Rejected bean name 'org.springframework.context.annotation.internalCommonAnnotationProcessor': no URL paths identified
2017-11-20 11:24:03.984 DEBUG 9100 --- [restartedMain] o.s.w.s.h.BeanNameUrlHandlerMapping      : Rejected bean name 'org.springframework.context.event.internalEventListenerProcessor': no URL paths identified
2017-11-20 11:24:03.984 DEBUG 9100 --- [restartedMain] o.s.w.s.h.BeanNameUrlHandlerMapping      : Rejected bean name 'org.springframework.context.event.internalEventListenerFactory': no URL paths identified
2017-11-20 11:24:03.984 DEBUG 9100 --- [restartedMain] o.s.w.s.h.BeanNameUrlHandlerMapping      : Rejected bean name 'application': no URL paths identified
2017-11-20 11:24:03.984 DEBUG 9100 --- [restartedMain] o.s.w.s.h.BeanNameUrlHandlerMapping      : Rejected bean name 'org.springframework.boot.autoconfigure.internalCachingMetadataReaderFactory': no URL paths identified
2017-11-20 11:24:03.984 DEBUG 9100 --- [restartedMain] o.s.w.s.h.BeanNameUrlHandlerMapping      : Rejected bean name 'dataSource1Config': no URL paths identified
2017-11-20 11:24:03.984 DEBUG 9100 --- [restartedMain] o.s.w.s.h.BeanNameUrlHandlerMapping      : Rejected bean name 'dataSource2Config': no URL paths identified
2017-11-20 11:24:03.984 DEBUG 9100 --- [restartedMain] o.s.w.s.h.BeanNameUrlHandlerMapping      : Rejected bean name 'dataSource3Config': no URL paths identified
2017-11-20 11:24:03.984 DEBUG 9100 --- [restartedMain] o.s.w.s.h.BeanNameUrlHandlerMapping      : Rejected bean name 'LKService': no URL paths identified
2017-11-20 11:24:03.984 DEBUG 9100 --- [restartedMain] o.s.w.s.h.BeanNameUrlHandlerMapping      : Rejected bean name 'lkWebSecurity': no URL paths identified
2017-11-20 11:24:03.984 DEBUG 9100 --- [restartedMain] o.s.w.s.h.BeanNameUrlHandlerMapping      : Rejected bean name 'myStartupRunner1': no URL paths identified
2017-11-20 11:24:04.000 DEBUG 9100 --- [restartedMain] o.s.w.s.h.BeanNameUrlHandlerMapping      : Rejected bean name 'lkConditionConfig': no URL paths identified
2017-11-20 11:24:04.000 DEBUG 9100 --- [restartedMain] o.s.w.s.h.BeanNameUrlHandlerMapping      : Rejected bean name 'lkOnClassCondition': no URL paths identified
2017-11-20 11:24:04.000 DEBUG 9100 --- [restartedMain] o.s.w.s.h.BeanNameUrlHandlerMapping      : Rejected bean name 'redisConfig': no URL paths identified
2017-11-20 11:24:04.000 DEBUG 9100 --- [restartedMain] o.s.w.s.h.BeanNameUrlHandlerMapping      : Rejected bean name 'redisProps': no URL paths identified
2017-11-20 11:24:04.000 DEBUG 9100 --- [restartedMain] o.s.w.s.h.BeanNameUrlHandlerMapping      : Rejected bean name 'conditionBean': no URL paths identified
2017-11-20 11:24:04.000 DEBUG 9100 --- [restartedMain] o.s.w.s.h.BeanNameUrlHandlerMapping      : Rejected bean name 'userController': no URL paths identified
2017-11-20 11:24:04.000 DEBUG 9100 --- [restartedMain] o.s.w.s.h.BeanNameUrlHandlerMapping      : Rejected bean name 'test1DataSource': no URL paths identified
2017-11-20 11:24:04.000 DEBUG 9100 --- [restartedMain] o.s.w.s.h.BeanNameUrlHandlerMapping      : Rejected bean name 'test1SqlSessionFactory': no URL paths identified
2017-11-20 11:24:04.000 DEBUG 9100 --- [restartedMain] o.s.w.s.h.BeanNameUrlHandlerMapping      : Rejected bean name 'test1TransactionManager': no URL paths identified
2017-11-20 11:24:04.000 DEBUG 9100 --- [restartedMain] o.s.w.s.h.BeanNameUrlHandlerMapping      : Rejected bean name 'test1SqlSessionTemplate': no URL paths identified
2017-11-20 11:24:04.000 DEBUG 9100 --- [restartedMain] o.s.w.s.h.BeanNameUrlHandlerMapping      : Rejected bean name 'userMapper': no URL paths identified
2017-11-20 11:24:04.000 DEBUG 9100 --- [restartedMain] o.s.w.s.h.BeanNameUrlHandlerMapping      : Rejected bean name 'test2DataSource': no URL paths identified
2017-11-20 11:24:04.000 DEBUG 9100 --- [restartedMain] o.s.w.s.h.BeanNameUrlHandlerMapping      : Rejected bean name 'test2SqlSessionFactory': no URL paths identified
2017-11-20 11:24:04.000 DEBUG 9100 --- [restartedMain] o.s.w.s.h.BeanNameUrlHandlerMapping      : Rejected bean name 'test2TransactionManager': no URL paths identified
2017-11-20 11:24:04.000 DEBUG 9100 --- [restartedMain] o.s.w.s.h.BeanNameUrlHandlerMapping      : Rejected bean name 'test2SqlSessionTemplate': no URL paths identified
2017-11-20 11:24:04.000 DEBUG 9100 --- [restartedMain] o.s.w.s.h.BeanNameUrlHandlerMapping      : Rejected bean name 'userMapper2': no URL paths identified
2017-11-20 11:24:04.000 DEBUG 9100 --- [restartedMain] o.s.w.s.h.BeanNameUrlHandlerMapping      : Rejected bean name 'test3DataSource': no URL paths identified
2017-11-20 11:24:04.015 DEBUG 9100 --- [restartedMain] o.s.w.s.h.BeanNameUrlHandlerMapping      : Rejected bean name 'test3SqlSessionFactory': no URL paths identified
2017-11-20 11:24:04.015 DEBUG 9100 --- [restartedMain] o.s.w.s.h.BeanNameUrlHandlerMapping      : Rejected bean name 'test3TransactionManager': no URL paths identified
2017-11-20 11:24:04.015 DEBUG 9100 --- [restartedMain] o.s.w.s.h.BeanNameUrlHandlerMapping      : Rejected bean name 'test3SqlSessionTemplate': no URL paths identified
2017-11-20 11:24:04.015 DEBUG 9100 --- [restartedMain] o.s.w.s.h.BeanNameUrlHandlerMapping      : Rejected bean name 'userMapper3': no URL paths identified
2017-11-20 11:24:04.015 DEBUG 9100 --- [restartedMain] o.s.w.s.h.BeanNameUrlHandlerMapping      : Rejected bean name 'userMapper4': no URL paths identified
2017-11-20 11:24:04.015 DEBUG 9100 --- [restartedMain] o.s.w.s.h.BeanNameUrlHandlerMapping      : Rejected bean name 'org.springframework.security.config.annotation.configuration.ObjectPostProcessorConfiguration': no URL paths identified
2017-11-20 11:24:04.015 DEBUG 9100 --- [restartedMain] o.s.w.s.h.BeanNameUrlHandlerMapping      : Rejected bean name 'objectPostProcessor': no URL paths identified
2017-11-20 11:24:04.015 DEBUG 9100 --- [restartedMain] o.s.w.s.h.BeanNameUrlHandlerMapping      : Rejected bean name 'org.springframework.security.config.annotation.authentication.configuration.AuthenticationConfiguration': no URL paths identified
2017-11-20 11:24:04.015 DEBUG 9100 --- [restartedMain] o.s.w.s.h.BeanNameUrlHandlerMapping      : Rejected bean name 'authenticationManagerBuilder': no URL paths identified
2017-11-20 11:24:04.015 DEBUG 9100 --- [restartedMain] o.s.w.s.h.BeanNameUrlHandlerMapping      : Rejected bean name 'enableGlobalAuthenticationAutowiredConfigurer': no URL paths identified
2017-11-20 11:24:04.015 DEBUG 9100 --- [restartedMain] o.s.w.s.h.BeanNameUrlHandlerMapping      : Rejected bean name 'initializeUserDetailsBeanManagerConfigurer': no URL paths identified
2017-11-20 11:24:04.015 DEBUG 9100 --- [restartedMain] o.s.w.s.h.BeanNameUrlHandlerMapping      : Rejected bean name 'initializeAuthenticationProviderBeanManagerConfigurer': no URL paths identified
2017-11-20 11:24:04.015 DEBUG 9100 --- [restartedMain] o.s.w.s.h.BeanNameUrlHandlerMapping      : Rejected bean name 'org.springframework.security.config.annotation.method.configuration.GlobalMethodSecurityConfiguration': no URL paths identified
2017-11-20 11:24:04.015 DEBUG 9100 --- [restartedMain] o.s.w.s.h.BeanNameUrlHandlerMapping      : Rejected bean name 'methodSecurityInterceptor': no URL paths identified
2017-11-20 11:24:04.015 DEBUG 9100 --- [restartedMain] o.s.w.s.h.BeanNameUrlHandlerMapping      : Rejected bean name 'methodSecurityMetadataSource': no URL paths identified
2017-11-20 11:24:04.015 DEBUG 9100 --- [restartedMain] o.s.w.s.h.BeanNameUrlHandlerMapping      : Rejected bean name 'preInvocationAuthorizationAdvice': no URL paths identified
2017-11-20 11:24:04.031 DEBUG 9100 --- [restartedMain] o.s.w.s.h.BeanNameUrlHandlerMapping      : Rejected bean name 'org.springframework.security.config.annotation.web.configuration.WebSecurityConfiguration': no URL paths identified
2017-11-20 11:24:04.031 DEBUG 9100 --- [restartedMain] o.s.w.s.h.BeanNameUrlHandlerMapping      : Rejected bean name 'delegatingApplicationListener': no URL paths identified
2017-11-20 11:24:04.031 DEBUG 9100 --- [restartedMain] o.s.w.s.h.BeanNameUrlHandlerMapping      : Rejected bean name 'webSecurityExpressionHandler': no URL paths identified
2017-11-20 11:24:04.031 DEBUG 9100 --- [restartedMain] o.s.w.s.h.BeanNameUrlHandlerMapping      : Rejected bean name 'springSecurityFilterChain': no URL paths identified
2017-11-20 11:24:04.031 DEBUG 9100 --- [restartedMain] o.s.w.s.h.BeanNameUrlHandlerMapping      : Rejected bean name 'privilegeEvaluator': no URL paths identified
2017-11-20 11:24:04.031 DEBUG 9100 --- [restartedMain] o.s.w.s.h.BeanNameUrlHandlerMapping      : Rejected bean name 'autowiredWebSecurityConfigurersIgnoreParents': no URL paths identified
2017-11-20 11:24:04.031 DEBUG 9100 --- [restartedMain] o.s.w.s.h.BeanNameUrlHandlerMapping      : Rejected bean name 'org.springframework.security.config.annotation.web.configuration.WebMvcSecurityConfiguration': no URL paths identified
2017-11-20 11:24:04.033 DEBUG 9100 --- [restartedMain] o.s.w.s.h.BeanNameUrlHandlerMapping      : Rejected bean name 'requestDataValueProcessor': no URL paths identified
2017-11-20 11:24:04.033 DEBUG 9100 --- [restartedMain] o.s.w.s.h.BeanNameUrlHandlerMapping      : Rejected bean name 'metaDataSourceAdvisor': no URL paths identified
2017-11-20 11:24:04.033 DEBUG 9100 --- [restartedMain] o.s.w.s.h.BeanNameUrlHandlerMapping      : Rejected bean name 'org.springframework.aop.config.internalAutoProxyCreator': no URL paths identified
2017-11-20 11:24:04.033 DEBUG 9100 --- [restartedMain] o.s.w.s.h.BeanNameUrlHandlerMapping      : Rejected bean name 'userEntity2': no URL paths identified
2017-11-20 11:24:04.033 DEBUG 9100 --- [restartedMain] o.s.w.s.h.BeanNameUrlHandlerMapping      : Rejected bean name 'lkentity': no URL paths identified
2017-11-20 11:24:04.033 DEBUG 9100 --- [restartedMain] o.s.w.s.h.BeanNameUrlHandlerMapping      : Rejected bean name 'getRedisConfig': no URL paths identified
2017-11-20 11:24:04.033 DEBUG 9100 --- [restartedMain] o.s.w.s.h.BeanNameUrlHandlerMapping      : Rejected bean name 'getConnectionFactory': no URL paths identified
2017-11-20 11:24:04.033 DEBUG 9100 --- [restartedMain] o.s.w.s.h.BeanNameUrlHandlerMapping      : Rejected bean name 'getRedisTemplate': no URL paths identified
2017-11-20 11:24:04.033 DEBUG 9100 --- [restartedMain] o.s.w.s.h.BeanNameUrlHandlerMapping      : Rejected bean name 'org.springframework.boot.autoconfigure.AutoConfigurationPackages': no URL paths identified
2017-11-20 11:24:04.033 DEBUG 9100 --- [restartedMain] o.s.w.s.h.BeanNameUrlHandlerMapping      : Rejected bean name 'servletRegistrationBean': no URL paths identified
2017-11-20 11:24:04.033 DEBUG 9100 --- [restartedMain] o.s.w.s.h.BeanNameUrlHandlerMapping      : Rejected bean name 'org.springframework.boot.autoconfigure.context.PropertyPlaceholderAutoConfiguration': no URL paths identified
2017-11-20 11:24:04.033 DEBUG 9100 --- [restartedMain] o.s.w.s.h.BeanNameUrlHandlerMapping      : Rejected bean name 'org.springframework.boot.autoconfigure.condition.BeanTypeRegistry': no URL paths identified
2017-11-20 11:24:04.033 DEBUG 9100 --- [restartedMain] o.s.w.s.h.BeanNameUrlHandlerMapping      : Rejected bean name 'propertySourcesPlaceholderConfigurer': no URL paths identified
2017-11-20 11:24:04.033 DEBUG 9100 --- [restartedMain] o.s.w.s.h.BeanNameUrlHandlerMapping      : Rejected bean name 'org.springframework.boot.autoconfigure.jackson.JacksonAutoConfiguration$Jackson2ObjectMapperBuilderCustomizerConfiguration': no URL paths identified
2017-11-20 11:24:04.033 DEBUG 9100 --- [restartedMain] o.s.w.s.h.BeanNameUrlHandlerMapping      : Rejected bean name 'standardJacksonObjectMapperBuilderCustomizer': no URL paths identified
2017-11-20 11:24:04.033 DEBUG 9100 --- [restartedMain] o.s.w.s.h.BeanNameUrlHandlerMapping      : Rejected bean name 'spring.jackson-org.springframework.boot.autoconfigure.jackson.JacksonProperties': no URL paths identified
2017-11-20 11:24:04.033 DEBUG 9100 --- [restartedMain] o.s.w.s.h.BeanNameUrlHandlerMapping      : Rejected bean name 'org.springframework.boot.context.properties.ConfigurationPropertiesBindingPostProcessor': no URL paths identified
2017-11-20 11:24:04.034 DEBUG 9100 --- [restartedMain] o.s.w.s.h.BeanNameUrlHandlerMapping      : Rejected bean name 'org.springframework.boot.context.properties.ConfigurationPropertiesBindingPostProcessor.store': no URL paths identified
2017-11-20 11:24:04.034 DEBUG 9100 --- [restartedMain] o.s.w.s.h.BeanNameUrlHandlerMapping      : Rejected bean name 'org.springframework.boot.autoconfigure.jackson.JacksonAutoConfiguration$JacksonObjectMapperBuilderConfiguration': no URL paths identified
2017-11-20 11:24:04.034 DEBUG 9100 --- [restartedMain] o.s.w.s.h.BeanNameUrlHandlerMapping      : Rejected bean name 'jacksonObjectMapperBuilder': no URL paths identified
2017-11-20 11:24:04.034 DEBUG 9100 --- [restartedMain] o.s.w.s.h.BeanNameUrlHandlerMapping      : Rejected bean name 'org.springframework.boot.autoconfigure.jackson.JacksonAutoConfiguration$JacksonObjectMapperConfiguration': no URL paths identified
2017-11-20 11:24:04.034 DEBUG 9100 --- [restartedMain] o.s.w.s.h.BeanNameUrlHandlerMapping      : Rejected bean name 'jacksonObjectMapper': no URL paths identified
2017-11-20 11:24:04.034 DEBUG 9100 --- [restartedMain] o.s.w.s.h.BeanNameUrlHandlerMapping      : Rejected bean name 'org.springframework.boot.autoconfigure.jackson.JacksonAutoConfiguration': no URL paths identified
2017-11-20 11:24:04.034 DEBUG 9100 --- [restartedMain] o.s.w.s.h.BeanNameUrlHandlerMapping      : Rejected bean name 'jsonComponentModule': no URL paths identified
2017-11-20 11:24:04.034 DEBUG 9100 --- [restartedMain] o.s.w.s.h.BeanNameUrlHandlerMapping      : Rejected bean name 'org.springframework.boot.autoconfigure.websocket.WebSocketAutoConfiguration$JettyWebSocketConfiguration': no URL paths identified
2017-11-20 11:24:04.034 DEBUG 9100 --- [restartedMain] o.s.w.s.h.BeanNameUrlHandlerMapping      : Rejected bean name 'websocketContainerCustomizer': no URL paths identified
2017-11-20 11:24:04.034 DEBUG 9100 --- [restartedMain] o.s.w.s.h.BeanNameUrlHandlerMapping      : Rejected bean name 'org.springframework.boot.autoconfigure.websocket.WebSocketAutoConfiguration': no URL paths identified
2017-11-20 11:24:04.034 DEBUG 9100 --- [restartedMain] o.s.w.s.h.BeanNameUrlHandlerMapping      : Rejected bean name 'org.springframework.boot.autoconfigure.web.EmbeddedServletContainerAutoConfiguration$EmbeddedJetty': no URL paths identified
2017-11-20 11:24:04.034 DEBUG 9100 --- [restartedMain] o.s.w.s.h.BeanNameUrlHandlerMapping      : Rejected bean name 'jettyEmbeddedServletContainerFactory': no URL paths identified
2017-11-20 11:24:04.034 DEBUG 9100 --- [restartedMain] o.s.w.s.h.BeanNameUrlHandlerMapping      : Rejected bean name 'org.springframework.boot.autoconfigure.web.EmbeddedServletContainerAutoConfiguration': no URL paths identified
2017-11-20 11:24:04.034 DEBUG 9100 --- [restartedMain] o.s.w.s.h.BeanNameUrlHandlerMapping      : Rejected bean name 'embeddedServletContainerCustomizerBeanPostProcessor': no URL paths identified
2017-11-20 11:24:04.034 DEBUG 9100 --- [restartedMain] o.s.w.s.h.BeanNameUrlHandlerMapping      : Rejected bean name 'errorPageRegistrarBeanPostProcessor': no URL paths identified
2017-11-20 11:24:04.035 DEBUG 9100 --- [restartedMain] o.s.w.s.h.BeanNameUrlHandlerMapping      : Rejected bean name 'org.springframework.boot.autoconfigure.web.DispatcherServletAutoConfiguration$DispatcherServletConfiguration': no URL paths identified
2017-11-20 11:24:04.035 DEBUG 9100 --- [restartedMain] o.s.w.s.h.BeanNameUrlHandlerMapping      : Rejected bean name 'dispatcherServlet': no URL paths identified
2017-11-20 11:24:04.035 DEBUG 9100 --- [restartedMain] o.s.w.s.h.BeanNameUrlHandlerMapping      : Rejected bean name 'spring.mvc-org.springframework.boot.autoconfigure.web.WebMvcProperties': no URL paths identified
2017-11-20 11:24:04.035 DEBUG 9100 --- [restartedMain] o.s.w.s.h.BeanNameUrlHandlerMapping      : Rejected bean name 'org.springframework.boot.autoconfigure.web.DispatcherServletAutoConfiguration$DispatcherServletRegistrationConfiguration': no URL paths identified
2017-11-20 11:24:04.035 DEBUG 9100 --- [restartedMain] o.s.w.s.h.BeanNameUrlHandlerMapping      : Rejected bean name 'dispatcherServletRegistration': no URL paths identified
2017-11-20 11:24:04.035 DEBUG 9100 --- [restartedMain] o.s.w.s.h.BeanNameUrlHandlerMapping      : Rejected bean name 'org.springframework.boot.autoconfigure.web.DispatcherServletAutoConfiguration': no URL paths identified
2017-11-20 11:24:04.035 DEBUG 9100 --- [restartedMain] o.s.w.s.h.BeanNameUrlHandlerMapping      : Rejected bean name 'org.springframework.boot.autoconfigure.validation.ValidationAutoConfiguration': no URL paths identified
2017-11-20 11:24:04.035 DEBUG 9100 --- [restartedMain] o.s.w.s.h.BeanNameUrlHandlerMapping      : Rejected bean name 'defaultValidator': no URL paths identified
2017-11-20 11:24:04.035 DEBUG 9100 --- [restartedMain] o.s.w.s.h.BeanNameUrlHandlerMapping      : Rejected bean name 'methodValidationPostProcessor': no URL paths identified
2017-11-20 11:24:04.035 DEBUG 9100 --- [restartedMain] o.s.w.s.h.BeanNameUrlHandlerMapping      : Rejected bean name 'org.springframework.boot.autoconfigure.web.ErrorMvcAutoConfiguration$WhitelabelErrorViewConfiguration': no URL paths identified
2017-11-20 11:24:04.035 DEBUG 9100 --- [restartedMain] o.s.w.s.h.BeanNameUrlHandlerMapping      : Rejected bean name 'error': no URL paths identified
2017-11-20 11:24:04.035 DEBUG 9100 --- [restartedMain] o.s.w.s.h.BeanNameUrlHandlerMapping      : Rejected bean name 'beanNameViewResolver': no URL paths identified
2017-11-20 11:24:04.035 DEBUG 9100 --- [restartedMain] o.s.w.s.h.BeanNameUrlHandlerMapping      : Rejected bean name 'org.springframework.boot.autoconfigure.web.ErrorMvcAutoConfiguration$DefaultErrorViewResolverConfiguration': no URL paths identified
2017-11-20 11:24:04.035 DEBUG 9100 --- [restartedMain] o.s.w.s.h.BeanNameUrlHandlerMapping      : Rejected bean name 'conventionErrorViewResolver': no URL paths identified
2017-11-20 11:24:04.035 DEBUG 9100 --- [restartedMain] o.s.w.s.h.BeanNameUrlHandlerMapping      : Rejected bean name 'org.springframework.boot.autoconfigure.web.ErrorMvcAutoConfiguration': no URL paths identified
2017-11-20 11:24:04.035 DEBUG 9100 --- [restartedMain] o.s.w.s.h.BeanNameUrlHandlerMapping      : Rejected bean name 'errorAttributes': no URL paths identified
2017-11-20 11:24:04.036 DEBUG 9100 --- [restartedMain] o.s.w.s.h.BeanNameUrlHandlerMapping      : Rejected bean name 'basicErrorController': no URL paths identified
2017-11-20 11:24:04.036 DEBUG 9100 --- [restartedMain] o.s.w.s.h.BeanNameUrlHandlerMapping      : Rejected bean name 'errorPageCustomizer': no URL paths identified
2017-11-20 11:24:04.036 DEBUG 9100 --- [restartedMain] o.s.w.s.h.BeanNameUrlHandlerMapping      : Rejected bean name 'preserveErrorControllerTargetClassPostProcessor': no URL paths identified
2017-11-20 11:24:04.036 DEBUG 9100 --- [restartedMain] o.s.w.s.h.BeanNameUrlHandlerMapping      : Rejected bean name 'spring.resources-org.springframework.boot.autoconfigure.web.ResourceProperties': no URL paths identified
2017-11-20 11:24:04.036 DEBUG 9100 --- [restartedMain] o.s.w.s.h.BeanNameUrlHandlerMapping      : Rejected bean name 'org.springframework.boot.autoconfigure.web.WebMvcAutoConfiguration$EnableWebMvcConfiguration': no URL paths identified
2017-11-20 11:24:04.037 DEBUG 9100 --- [restartedMain] o.s.w.s.h.BeanNameUrlHandlerMapping      : Rejected bean name 'requestMappingHandlerAdapter': no URL paths identified
2017-11-20 11:24:04.037 DEBUG 9100 --- [restartedMain] o.s.w.s.h.BeanNameUrlHandlerMapping      : Rejected bean name 'requestMappingHandlerMapping': no URL paths identified
2017-11-20 11:24:04.037 DEBUG 9100 --- [restartedMain] o.s.w.s.h.BeanNameUrlHandlerMapping      : Rejected bean name 'mvcValidator': no URL paths identified
2017-11-20 11:24:04.038 DEBUG 9100 --- [restartedMain] o.s.w.s.h.BeanNameUrlHandlerMapping      : Rejected bean name 'mvcContentNegotiationManager': no URL paths identified
2017-11-20 11:24:04.038 DEBUG 9100 --- [restartedMain] o.s.w.s.h.BeanNameUrlHandlerMapping      : Rejected bean name 'mvcPathMatcher': no URL paths identified
2017-11-20 11:24:04.038 DEBUG 9100 --- [restartedMain] o.s.w.s.h.BeanNameUrlHandlerMapping      : Rejected bean name 'mvcUrlPathHelper': no URL paths identified
2017-11-20 11:24:04.038 DEBUG 9100 --- [restartedMain] o.s.w.s.h.BeanNameUrlHandlerMapping      : Rejected bean name 'viewControllerHandlerMapping': no URL paths identified
2017-11-20 11:24:04.038 DEBUG 9100 --- [restartedMain] o.s.w.s.h.BeanNameUrlHandlerMapping      : Rejected bean name 'beanNameHandlerMapping': no URL paths identified
2017-11-20 11:24:04.038 DEBUG 9100 --- [restartedMain] o.s.w.s.h.BeanNameUrlHandlerMapping      : Rejected bean name 'resourceHandlerMapping': no URL paths identified
2017-11-20 11:24:04.038 DEBUG 9100 --- [restartedMain] o.s.w.s.h.BeanNameUrlHandlerMapping      : Rejected bean name 'mvcResourceUrlProvider': no URL paths identified
2017-11-20 11:24:04.038 DEBUG 9100 --- [restartedMain] o.s.w.s.h.BeanNameUrlHandlerMapping      : Rejected bean name 'defaultServletHandlerMapping': no URL paths identified
2017-11-20 11:24:04.038 DEBUG 9100 --- [restartedMain] o.s.w.s.h.BeanNameUrlHandlerMapping      : Rejected bean name 'mvcConversionService': no URL paths identified
2017-11-20 11:24:04.038 DEBUG 9100 --- [restartedMain] o.s.w.s.h.BeanNameUrlHandlerMapping      : Rejected bean name 'mvcUriComponentsContributor': no URL paths identified
2017-11-20 11:24:04.038 DEBUG 9100 --- [restartedMain] o.s.w.s.h.BeanNameUrlHandlerMapping      : Rejected bean name 'httpRequestHandlerAdapter': no URL paths identified
2017-11-20 11:24:04.038 DEBUG 9100 --- [restartedMain] o.s.w.s.h.BeanNameUrlHandlerMapping      : Rejected bean name 'simpleControllerHandlerAdapter': no URL paths identified
2017-11-20 11:24:04.038 DEBUG 9100 --- [restartedMain] o.s.w.s.h.BeanNameUrlHandlerMapping      : Rejected bean name 'handlerExceptionResolver': no URL paths identified
2017-11-20 11:24:04.038 DEBUG 9100 --- [restartedMain] o.s.w.s.h.BeanNameUrlHandlerMapping      : Rejected bean name 'mvcViewResolver': no URL paths identified
2017-11-20 11:24:04.038 DEBUG 9100 --- [restartedMain] o.s.w.s.h.BeanNameUrlHandlerMapping      : Rejected bean name 'mvcHandlerMappingIntrospector': no URL paths identified
2017-11-20 11:24:04.038 DEBUG 9100 --- [restartedMain] o.s.w.s.h.BeanNameUrlHandlerMapping      : Rejected bean name 'org.springframework.boot.autoconfigure.web.WebMvcAutoConfiguration$WebMvcAutoConfigurationAdapter$FaviconConfiguration': no URL paths identified
2017-11-20 11:24:04.038 DEBUG 9100 --- [restartedMain] o.s.w.s.h.BeanNameUrlHandlerMapping      : Rejected bean name 'faviconHandlerMapping': no URL paths identified
2017-11-20 11:24:04.038 DEBUG 9100 --- [restartedMain] o.s.w.s.h.BeanNameUrlHandlerMapping      : Rejected bean name 'faviconRequestHandler': no URL paths identified
2017-11-20 11:24:04.039 DEBUG 9100 --- [restartedMain] o.s.w.s.h.BeanNameUrlHandlerMapping      : Rejected bean name 'org.springframework.boot.autoconfigure.web.WebMvcAutoConfiguration$WebMvcAutoConfigurationAdapter': no URL paths identified
2017-11-20 11:24:04.039 DEBUG 9100 --- [restartedMain] o.s.w.s.h.BeanNameUrlHandlerMapping      : Rejected bean name 'defaultViewResolver': no URL paths identified
2017-11-20 11:24:04.039 DEBUG 9100 --- [restartedMain] o.s.w.s.h.BeanNameUrlHandlerMapping      : Rejected bean name 'viewResolver': no URL paths identified
2017-11-20 11:24:04.039 DEBUG 9100 --- [restartedMain] o.s.w.s.h.BeanNameUrlHandlerMapping      : Rejected bean name 'welcomePageHandlerMapping': no URL paths identified
2017-11-20 11:24:04.039 DEBUG 9100 --- [restartedMain] o.s.w.s.h.BeanNameUrlHandlerMapping      : Rejected bean name 'requestContextFilter': no URL paths identified
2017-11-20 11:24:04.039 DEBUG 9100 --- [restartedMain] o.s.w.s.h.BeanNameUrlHandlerMapping      : Rejected bean name 'org.springframework.boot.autoconfigure.web.WebMvcAutoConfiguration': no URL paths identified
2017-11-20 11:24:04.039 DEBUG 9100 --- [restartedMain] o.s.w.s.h.BeanNameUrlHandlerMapping      : Rejected bean name 'hiddenHttpMethodFilter': no URL paths identified
2017-11-20 11:24:04.039 DEBUG 9100 --- [restartedMain] o.s.w.s.h.BeanNameUrlHandlerMapping      : Rejected bean name 'httpPutFormContentFilter': no URL paths identified
2017-11-20 11:24:04.039 DEBUG 9100 --- [restartedMain] o.s.w.s.h.BeanNameUrlHandlerMapping      : Rejected bean name 'org.springframework.boot.autoconfigure.jdbc.metadata.DataSourcePoolMetadataProvidersConfiguration$TomcatDataSourcePoolMetadataProviderConfiguration': no URL paths identified
2017-11-20 11:24:04.039 DEBUG 9100 --- [restartedMain] o.s.w.s.h.BeanNameUrlHandlerMapping      : Rejected bean name 'tomcatPoolDataSourceMetadataProvider': no URL paths identified
2017-11-20 11:24:04.039 DEBUG 9100 --- [restartedMain] o.s.w.s.h.BeanNameUrlHandlerMapping      : Rejected bean name 'org.springframework.boot.autoconfigure.jdbc.metadata.DataSourcePoolMetadataProvidersConfiguration': no URL paths identified
2017-11-20 11:24:04.039 DEBUG 9100 --- [restartedMain] o.s.w.s.h.BeanNameUrlHandlerMapping      : Rejected bean name 'org.springframework.boot.autoconfigure.jdbc.DataSourceAutoConfiguration': no URL paths identified
2017-11-20 11:24:04.039 DEBUG 9100 --- [restartedMain] o.s.w.s.h.BeanNameUrlHandlerMapping      : Rejected bean name 'dataSourceInitializer': no URL paths identified
2017-11-20 11:24:04.039 DEBUG 9100 --- [restartedMain] o.s.w.s.h.BeanNameUrlHandlerMapping      : Rejected bean name 'spring.datasource-org.springframework.boot.autoconfigure.jdbc.DataSourceProperties': no URL paths identified
2017-11-20 11:24:04.039 DEBUG 9100 --- [restartedMain] o.s.w.s.h.BeanNameUrlHandlerMapping      : Rejected bean name 'dataSourceInitializerPostProcessor': no URL paths identified
2017-11-20 11:24:04.039 DEBUG 9100 --- [restartedMain] o.s.w.s.h.BeanNameUrlHandlerMapping      : Rejected bean name 'org.mybatis.spring.boot.autoconfigure.MybatisAutoConfiguration': no URL paths identified
2017-11-20 11:24:04.040 DEBUG 9100 --- [restartedMain] o.s.w.s.h.BeanNameUrlHandlerMapping      : Rejected bean name 'mybatis-org.mybatis.spring.boot.autoconfigure.MybatisProperties': no URL paths identified
2017-11-20 11:24:04.040 DEBUG 9100 --- [restartedMain] o.s.w.s.h.BeanNameUrlHandlerMapping      : Rejected bean name 'org.springframework.boot.actuate.autoconfigure.AuditAutoConfiguration$AuditEventRepositoryConfiguration': no URL paths identified
2017-11-20 11:24:04.040 DEBUG 9100 --- [restartedMain] o.s.w.s.h.BeanNameUrlHandlerMapping      : Rejected bean name 'auditEventRepository': no URL paths identified
2017-11-20 11:24:04.040 DEBUG 9100 --- [restartedMain] o.s.w.s.h.BeanNameUrlHandlerMapping      : Rejected bean name 'org.springframework.boot.actuate.autoconfigure.AuditAutoConfiguration': no URL paths identified
2017-11-20 11:24:04.040 DEBUG 9100 --- [restartedMain] o.s.w.s.h.BeanNameUrlHandlerMapping      : Rejected bean name 'auditListener': no URL paths identified
2017-11-20 11:24:04.040 DEBUG 9100 --- [restartedMain] o.s.w.s.h.BeanNameUrlHandlerMapping      : Rejected bean name 'authenticationAuditListener': no URL paths identified
2017-11-20 11:24:04.040 DEBUG 9100 --- [restartedMain] o.s.w.s.h.BeanNameUrlHandlerMapping      : Rejected bean name 'authorizationAuditListener': no URL paths identified
2017-11-20 11:24:04.040 DEBUG 9100 --- [restartedMain] o.s.w.s.h.BeanNameUrlHandlerMapping      : Rejected bean name 'org.springframework.boot.autoconfigure.data.redis.RedisAutoConfiguration$RedisConfiguration': no URL paths identified
2017-11-20 11:24:04.040 DEBUG 9100 --- [restartedMain] o.s.w.s.h.BeanNameUrlHandlerMapping      : Rejected bean name 'redisTemplate': no URL paths identified
2017-11-20 11:24:04.040 DEBUG 9100 --- [restartedMain] o.s.w.s.h.BeanNameUrlHandlerMapping      : Rejected bean name 'stringRedisTemplate': no URL paths identified
2017-11-20 11:24:04.040 DEBUG 9100 --- [restartedMain] o.s.w.s.h.BeanNameUrlHandlerMapping      : Rejected bean name 'org.springframework.boot.autoconfigure.data.redis.RedisAutoConfiguration$RedisConnectionConfiguration': no URL paths identified
2017-11-20 11:24:04.040 DEBUG 9100 --- [restartedMain] o.s.w.s.h.BeanNameUrlHandlerMapping      : Rejected bean name 'org.springframework.boot.autoconfigure.data.redis.RedisAutoConfiguration': no URL paths identified
2017-11-20 11:24:04.040 DEBUG 9100 --- [restartedMain] o.s.w.s.h.BeanNameUrlHandlerMapping      : Rejected bean name 'spring.redis-org.springframework.boot.autoconfigure.data.redis.RedisProperties': no URL paths identified
2017-11-20 11:24:04.040 DEBUG 9100 --- [restartedMain] o.s.w.s.h.BeanNameUrlHandlerMapping      : Rejected bean name 'org.springframework.boot.autoconfigure.security.AuthenticationManagerConfiguration': no URL paths identified
2017-11-20 11:24:04.040 DEBUG 9100 --- [restartedMain] o.s.w.s.h.BeanNameUrlHandlerMapping      : Rejected bean name 'authenticationManager': no URL paths identified
2017-11-20 11:24:04.040 DEBUG 9100 --- [restartedMain] o.s.w.s.h.BeanNameUrlHandlerMapping      : Rejected bean name 'springBootAuthenticationConfigurerAdapter': no URL paths identified
2017-11-20 11:24:04.041 DEBUG 9100 --- [restartedMain] o.s.w.s.h.BeanNameUrlHandlerMapping      : Rejected bean name 'authenticationManagerConfigurationListener': no URL paths identified
2017-11-20 11:24:04.041 DEBUG 9100 --- [restartedMain] o.s.w.s.h.BeanNameUrlHandlerMapping      : Rejected bean name 'org.springframework.boot.autoconfigure.security.BootGlobalAuthenticationConfiguration': no URL paths identified
2017-11-20 11:24:04.041 DEBUG 9100 --- [restartedMain] o.s.w.s.h.BeanNameUrlHandlerMapping      : Rejected bean name 'bootGlobalAuthenticationConfigurationAdapter': no URL paths identified
2017-11-20 11:24:04.041 DEBUG 9100 --- [restartedMain] o.s.w.s.h.BeanNameUrlHandlerMapping      : Rejected bean name 'org.springframework.boot.autoconfigure.security.SecurityAutoConfiguration': no URL paths identified
2017-11-20 11:24:04.041 DEBUG 9100 --- [restartedMain] o.s.w.s.h.BeanNameUrlHandlerMapping      : Rejected bean name 'authenticationEventPublisher': no URL paths identified
2017-11-20 11:24:04.041 DEBUG 9100 --- [restartedMain] o.s.w.s.h.BeanNameUrlHandlerMapping      : Rejected bean name 'securityProperties': no URL paths identified
2017-11-20 11:24:04.041 DEBUG 9100 --- [restartedMain] o.s.w.s.h.BeanNameUrlHandlerMapping      : Rejected bean name 'org.springframework.boot.actuate.autoconfigure.ManagementWebSecurityAutoConfiguration$ManagementWebSecurityConfigurerAdapter': no URL paths identified
2017-11-20 11:24:04.041 DEBUG 9100 --- [restartedMain] o.s.w.s.h.BeanNameUrlHandlerMapping      : Rejected bean name 'org.springframework.boot.actuate.autoconfigure.ManagementWebSecurityAutoConfiguration$ManagementSecurityPropertiesConfiguration': no URL paths identified
2017-11-20 11:24:04.041 DEBUG 9100 --- [restartedMain] o.s.w.s.h.BeanNameUrlHandlerMapping      : Rejected bean name 'org.springframework.boot.actuate.autoconfigure.ManagementWebSecurityAutoConfiguration': no URL paths identified
2017-11-20 11:24:04.041 DEBUG 9100 --- [restartedMain] o.s.w.s.h.BeanNameUrlHandlerMapping      : Rejected bean name 'managementIgnoredRequestCustomizer': no URL paths identified
2017-11-20 11:24:04.041 DEBUG 9100 --- [restartedMain] o.s.w.s.h.BeanNameUrlHandlerMapping      : Rejected bean name 'org.springframework.boot.autoconfigure.info.ProjectInfoAutoConfiguration': no URL paths identified
2017-11-20 11:24:04.041 DEBUG 9100 --- [restartedMain] o.s.w.s.h.BeanNameUrlHandlerMapping      : Rejected bean name 'spring.info-org.springframework.boot.autoconfigure.info.ProjectInfoProperties': no URL paths identified
2017-11-20 11:24:04.041 DEBUG 9100 --- [restartedMain] o.s.w.s.h.BeanNameUrlHandlerMapping      : Rejected bean name 'org.springframework.boot.actuate.autoconfigure.InfoContributorAutoConfiguration': no URL paths identified
2017-11-20 11:24:04.041 DEBUG 9100 --- [restartedMain] o.s.w.s.h.BeanNameUrlHandlerMapping      : Rejected bean name 'envInfoContributor': no URL paths identified
2017-11-20 11:24:04.041 DEBUG 9100 --- [restartedMain] o.s.w.s.h.BeanNameUrlHandlerMapping      : Rejected bean name 'management.info-org.springframework.boot.actuate.autoconfigure.InfoContributorProperties': no URL paths identified
2017-11-20 11:24:04.041 DEBUG 9100 --- [restartedMain] o.s.w.s.h.BeanNameUrlHandlerMapping      : Rejected bean name 'org.springframework.boot.actuate.autoconfigure.HealthIndicatorAutoConfiguration$DiskSpaceHealthIndicatorConfiguration': no URL paths identified
2017-11-20 11:24:04.042 DEBUG 9100 --- [restartedMain] o.s.w.s.h.BeanNameUrlHandlerMapping      : Rejected bean name 'diskSpaceHealthIndicator': no URL paths identified
2017-11-20 11:24:04.042 DEBUG 9100 --- [restartedMain] o.s.w.s.h.BeanNameUrlHandlerMapping      : Rejected bean name 'diskSpaceHealthIndicatorProperties': no URL paths identified
2017-11-20 11:24:04.042 DEBUG 9100 --- [restartedMain] o.s.w.s.h.BeanNameUrlHandlerMapping      : Rejected bean name 'org.springframework.boot.actuate.autoconfigure.HealthIndicatorAutoConfiguration$RedisHealthIndicatorConfiguration': no URL paths identified
2017-11-20 11:24:04.042 DEBUG 9100 --- [restartedMain] o.s.w.s.h.BeanNameUrlHandlerMapping      : Rejected bean name 'redisHealthIndicator': no URL paths identified
2017-11-20 11:24:04.042 DEBUG 9100 --- [restartedMain] o.s.w.s.h.BeanNameUrlHandlerMapping      : Rejected bean name 'org.springframework.boot.actuate.autoconfigure.HealthIndicatorAutoConfiguration$DataSourcesHealthIndicatorConfiguration': no URL paths identified
2017-11-20 11:24:04.042 DEBUG 9100 --- [restartedMain] o.s.w.s.h.BeanNameUrlHandlerMapping      : Rejected bean name 'dbHealthIndicator': no URL paths identified
2017-11-20 11:24:04.042 DEBUG 9100 --- [restartedMain] o.s.w.s.h.BeanNameUrlHandlerMapping      : Rejected bean name 'org.springframework.boot.actuate.autoconfigure.HealthIndicatorAutoConfiguration': no URL paths identified
2017-11-20 11:24:04.042 DEBUG 9100 --- [restartedMain] o.s.w.s.h.BeanNameUrlHandlerMapping      : Rejected bean name 'healthAggregator': no URL paths identified
2017-11-20 11:24:04.042 DEBUG 9100 --- [restartedMain] o.s.w.s.h.BeanNameUrlHandlerMapping      : Rejected bean name 'management.health.status-org.springframework.boot.actuate.autoconfigure.HealthIndicatorProperties': no URL paths identified
2017-11-20 11:24:04.042 DEBUG 9100 --- [restartedMain] o.s.w.s.h.BeanNameUrlHandlerMapping      : Rejected bean name 'org.springframework.boot.actuate.autoconfigure.MetricRepositoryAutoConfiguration$FastMetricServicesConfiguration': no URL paths identified
2017-11-20 11:24:04.043 DEBUG 9100 --- [restartedMain] o.s.w.s.h.BeanNameUrlHandlerMapping      : Rejected bean name 'counterBuffers': no URL paths identified
2017-11-20 11:24:04.043 DEBUG 9100 --- [restartedMain] o.s.w.s.h.BeanNameUrlHandlerMapping      : Rejected bean name 'gaugeBuffers': no URL paths identified
2017-11-20 11:24:04.043 DEBUG 9100 --- [restartedMain] o.s.w.s.h.BeanNameUrlHandlerMapping      : Rejected bean name 'actuatorMetricReader': no URL paths identified
2017-11-20 11:24:04.043 DEBUG 9100 --- [restartedMain] o.s.w.s.h.BeanNameUrlHandlerMapping      : Rejected bean name 'counterService': no URL paths identified
2017-11-20 11:24:04.043 DEBUG 9100 --- [restartedMain] o.s.w.s.h.BeanNameUrlHandlerMapping      : Rejected bean name 'gaugeService': no URL paths identified
2017-11-20 11:24:04.043 DEBUG 9100 --- [restartedMain] o.s.w.s.h.BeanNameUrlHandlerMapping      : Rejected bean name 'org.springframework.boot.actuate.autoconfigure.MetricRepositoryAutoConfiguration': no URL paths identified
2017-11-20 11:24:04.043 DEBUG 9100 --- [restartedMain] o.s.w.s.h.BeanNameUrlHandlerMapping      : Rejected bean name 'org.springframework.boot.autoconfigure.jmx.JmxAutoConfiguration': no URL paths identified
2017-11-20 11:24:04.043 DEBUG 9100 --- [restartedMain] o.s.w.s.h.BeanNameUrlHandlerMapping      : Rejected bean name 'mbeanExporter': no URL paths identified
2017-11-20 11:24:04.043 DEBUG 9100 --- [restartedMain] o.s.w.s.h.BeanNameUrlHandlerMapping      : Rejected bean name 'objectNamingStrategy': no URL paths identified
2017-11-20 11:24:04.043 DEBUG 9100 --- [restartedMain] o.s.w.s.h.BeanNameUrlHandlerMapping      : Rejected bean name 'mbeanServer': no URL paths identified
2017-11-20 11:24:04.043 DEBUG 9100 --- [restartedMain] o.s.w.s.h.BeanNameUrlHandlerMapping      : Rejected bean name 'org.springframework.boot.actuate.autoconfigure.PublicMetricsAutoConfiguration$DataSourceMetricsConfiguration': no URL paths identified
2017-11-20 11:24:04.043 DEBUG 9100 --- [restartedMain] o.s.w.s.h.BeanNameUrlHandlerMapping      : Rejected bean name 'dataSourcePublicMetrics': no URL paths identified
2017-11-20 11:24:04.043 DEBUG 9100 --- [restartedMain] o.s.w.s.h.BeanNameUrlHandlerMapping      : Rejected bean name 'org.springframework.boot.actuate.autoconfigure.PublicMetricsAutoConfiguration': no URL paths identified
2017-11-20 11:24:04.043 DEBUG 9100 --- [restartedMain] o.s.w.s.h.BeanNameUrlHandlerMapping      : Rejected bean name 'systemPublicMetrics': no URL paths identified
2017-11-20 11:24:04.043 DEBUG 9100 --- [restartedMain] o.s.w.s.h.BeanNameUrlHandlerMapping      : Rejected bean name 'metricReaderPublicMetrics': no URL paths identified
2017-11-20 11:24:04.043 DEBUG 9100 --- [restartedMain] o.s.w.s.h.BeanNameUrlHandlerMapping      : Rejected bean name 'org.springframework.boot.actuate.autoconfigure.EndpointAutoConfiguration$RequestMappingEndpointConfiguration': no URL paths identified
2017-11-20 11:24:04.043 DEBUG 9100 --- [restartedMain] o.s.w.s.h.BeanNameUrlHandlerMapping      : Rejected bean name 'requestMappingEndpoint': no URL paths identified
2017-11-20 11:24:04.043 DEBUG 9100 --- [restartedMain] o.s.w.s.h.BeanNameUrlHandlerMapping      : Rejected bean name 'org.springframework.boot.actuate.autoconfigure.EndpointAutoConfiguration': no URL paths identified
2017-11-20 11:24:04.045 DEBUG 9100 --- [restartedMain] o.s.w.s.h.BeanNameUrlHandlerMapping      : Rejected bean name 'environmentEndpoint': no URL paths identified
2017-11-20 11:24:04.045 DEBUG 9100 --- [restartedMain] o.s.w.s.h.BeanNameUrlHandlerMapping      : Rejected bean name 'healthEndpoint': no URL paths identified
2017-11-20 11:24:04.045 DEBUG 9100 --- [restartedMain] o.s.w.s.h.BeanNameUrlHandlerMapping      : Rejected bean name 'beansEndpoint': no URL paths identified
2017-11-20 11:24:04.045 DEBUG 9100 --- [restartedMain] o.s.w.s.h.BeanNameUrlHandlerMapping      : Rejected bean name 'infoEndpoint': no URL paths identified
2017-11-20 11:24:04.045 DEBUG 9100 --- [restartedMain] o.s.w.s.h.BeanNameUrlHandlerMapping      : Rejected bean name 'loggersEndpoint': no URL paths identified
2017-11-20 11:24:04.045 DEBUG 9100 --- [restartedMain] o.s.w.s.h.BeanNameUrlHandlerMapping      : Rejected bean name 'metricsEndpoint': no URL paths identified
2017-11-20 11:24:04.045 DEBUG 9100 --- [restartedMain] o.s.w.s.h.BeanNameUrlHandlerMapping      : Rejected bean name 'traceEndpoint': no URL paths identified
2017-11-20 11:24:04.045 DEBUG 9100 --- [restartedMain] o.s.w.s.h.BeanNameUrlHandlerMapping      : Rejected bean name 'dumpEndpoint': no URL paths identified
2017-11-20 11:24:04.045 DEBUG 9100 --- [restartedMain] o.s.w.s.h.BeanNameUrlHandlerMapping      : Rejected bean name 'autoConfigurationReportEndpoint': no URL paths identified
2017-11-20 11:24:04.045 DEBUG 9100 --- [restartedMain] o.s.w.s.h.BeanNameUrlHandlerMapping      : Rejected bean name 'shutdownEndpoint': no URL paths identified
2017-11-20 11:24:04.045 DEBUG 9100 --- [restartedMain] o.s.w.s.h.BeanNameUrlHandlerMapping      : Rejected bean name 'configurationPropertiesReportEndpoint': no URL paths identified
2017-11-20 11:24:04.045 DEBUG 9100 --- [restartedMain] o.s.w.s.h.BeanNameUrlHandlerMapping      : Rejected bean name 'endpoints-org.springframework.boot.actuate.endpoint.EndpointProperties': no URL paths identified
2017-11-20 11:24:04.045 DEBUG 9100 --- [restartedMain] o.s.w.s.h.BeanNameUrlHandlerMapping      : Rejected bean name 'org.springframework.boot.actuate.autoconfigure.EndpointMBeanExportAutoConfiguration': no URL paths identified
2017-11-20 11:24:04.045 DEBUG 9100 --- [restartedMain] o.s.w.s.h.BeanNameUrlHandlerMapping      : Rejected bean name 'endpointMBeanExporter': no URL paths identified
2017-11-20 11:24:04.045 DEBUG 9100 --- [restartedMain] o.s.w.s.h.BeanNameUrlHandlerMapping      : Rejected bean name 'auditEventsEndpoint': no URL paths identified
2017-11-20 11:24:04.045 DEBUG 9100 --- [restartedMain] o.s.w.s.h.BeanNameUrlHandlerMapping      : Rejected bean name 'endpoints.jmx-org.springframework.boot.actuate.autoconfigure.EndpointMBeanExportProperties': no URL paths identified
2017-11-20 11:24:04.045 DEBUG 9100 --- [restartedMain] o.s.w.s.h.BeanNameUrlHandlerMapping      : Rejected bean name 'org.springframework.boot.autoconfigure.web.ServerPropertiesAutoConfiguration': no URL paths identified
2017-11-20 11:24:04.045 DEBUG 9100 --- [restartedMain] o.s.w.s.h.BeanNameUrlHandlerMapping      : Rejected bean name 'serverProperties': no URL paths identified
2017-11-20 11:24:04.046 DEBUG 9100 --- [restartedMain] o.s.w.s.h.BeanNameUrlHandlerMapping      : Rejected bean name 'duplicateServerPropertiesDetector': no URL paths identified
2017-11-20 11:24:04.046 DEBUG 9100 --- [restartedMain] o.s.w.s.h.BeanNameUrlHandlerMapping      : Rejected bean name 'org.springframework.boot.actuate.autoconfigure.ManagementServerPropertiesAutoConfiguration': no URL paths identified
2017-11-20 11:24:04.046 DEBUG 9100 --- [restartedMain] o.s.w.s.h.BeanNameUrlHandlerMapping      : Rejected bean name 'managementServerProperties': no URL paths identified
2017-11-20 11:24:04.046 DEBUG 9100 --- [restartedMain] o.s.w.s.h.BeanNameUrlHandlerMapping      : Rejected bean name 'org.springframework.boot.autoconfigure.web.HttpMessageConvertersAutoConfiguration$StringHttpMessageConverterConfiguration': no URL paths identified
2017-11-20 11:24:04.046 DEBUG 9100 --- [restartedMain] o.s.w.s.h.BeanNameUrlHandlerMapping      : Rejected bean name 'stringHttpMessageConverter': no URL paths identified
2017-11-20 11:24:04.046 DEBUG 9100 --- [restartedMain] o.s.w.s.h.BeanNameUrlHandlerMapping      : Rejected bean name 'spring.http.encoding-org.springframework.boot.autoconfigure.web.HttpEncodingProperties': no URL paths identified
2017-11-20 11:24:04.046 DEBUG 9100 --- [restartedMain] o.s.w.s.h.BeanNameUrlHandlerMapping      : Rejected bean name 'org.springframework.boot.autoconfigure.web.JacksonHttpMessageConvertersConfiguration$MappingJackson2HttpMessageConverterConfiguration': no URL paths identified
2017-11-20 11:24:04.046 DEBUG 9100 --- [restartedMain] o.s.w.s.h.BeanNameUrlHandlerMapping      : Rejected bean name 'mappingJackson2HttpMessageConverter': no URL paths identified
2017-11-20 11:24:04.046 DEBUG 9100 --- [restartedMain] o.s.w.s.h.BeanNameUrlHandlerMapping      : Rejected bean name 'org.springframework.boot.autoconfigure.web.JacksonHttpMessageConvertersConfiguration': no URL paths identified
2017-11-20 11:24:04.046 DEBUG 9100 --- [restartedMain] o.s.w.s.h.BeanNameUrlHandlerMapping      : Rejected bean name 'org.springframework.boot.autoconfigure.web.HttpMessageConvertersAutoConfiguration': no URL paths identified
2017-11-20 11:24:04.046 DEBUG 9100 --- [restartedMain] o.s.w.s.h.BeanNameUrlHandlerMapping      : Rejected bean name 'messageConverters': no URL paths identified
2017-11-20 11:24:04.046 DEBUG 9100 --- [restartedMain] o.s.w.s.h.BeanNameUrlHandlerMapping      : Rejected bean name 'org.springframework.boot.actuate.autoconfigure.EndpointWebMvcManagementContextConfiguration': no URL paths identified
2017-11-20 11:24:04.046 DEBUG 9100 --- [restartedMain] o.s.w.s.h.BeanNameUrlHandlerMapping      : Rejected bean name 'endpointHandlerMapping': no URL paths identified
2017-11-20 11:24:04.046 DEBUG 9100 --- [restartedMain] o.s.w.s.h.BeanNameUrlHandlerMapping      : Rejected bean name 'mvcEndpoints': no URL paths identified
2017-11-20 11:24:04.046 DEBUG 9100 --- [restartedMain] o.s.w.s.h.BeanNameUrlHandlerMapping      : Rejected bean name 'environmentMvcEndpoint': no URL paths identified
2017-11-20 11:24:04.046 DEBUG 9100 --- [restartedMain] o.s.w.s.h.BeanNameUrlHandlerMapping      : Rejected bean name 'heapdumpMvcEndpoint': no URL paths identified
2017-11-20 11:24:04.046 DEBUG 9100 --- [restartedMain] o.s.w.s.h.BeanNameUrlHandlerMapping      : Rejected bean name 'healthMvcEndpoint': no URL paths identified
2017-11-20 11:24:04.048 DEBUG 9100 --- [restartedMain] o.s.w.s.h.BeanNameUrlHandlerMapping      : Rejected bean name 'loggersMvcEndpoint': no URL paths identified
2017-11-20 11:24:04.048 DEBUG 9100 --- [restartedMain] o.s.w.s.h.BeanNameUrlHandlerMapping      : Rejected bean name 'metricsMvcEndpoint': no URL paths identified
2017-11-20 11:24:04.048 DEBUG 9100 --- [restartedMain] o.s.w.s.h.BeanNameUrlHandlerMapping      : Rejected bean name 'logfileMvcEndpoint': no URL paths identified
2017-11-20 11:24:04.048 DEBUG 9100 --- [restartedMain] o.s.w.s.h.BeanNameUrlHandlerMapping      : Rejected bean name 'auditEventMvcEndpoint': no URL paths identified
2017-11-20 11:24:04.048 DEBUG 9100 --- [restartedMain] o.s.w.s.h.BeanNameUrlHandlerMapping      : Rejected bean name 'endpoints.health-org.springframework.boot.actuate.autoconfigure.HealthMvcEndpointProperties': no URL paths identified
2017-11-20 11:24:04.048 DEBUG 9100 --- [restartedMain] o.s.w.s.h.BeanNameUrlHandlerMapping      : Rejected bean name 'endpoints.cors-org.springframework.boot.actuate.autoconfigure.EndpointCorsProperties': no URL paths identified
2017-11-20 11:24:04.048 DEBUG 9100 --- [restartedMain] o.s.w.s.h.BeanNameUrlHandlerMapping      : Rejected bean name 'org.springframework.boot.actuate.autoconfigure.EndpointWebMvcAutoConfiguration$EndpointWebMvcConfiguration': no URL paths identified
2017-11-20 11:24:04.048 DEBUG 9100 --- [restartedMain] o.s.w.s.h.BeanNameUrlHandlerMapping      : Rejected bean name 'org.springframework.boot.actuate.autoconfigure.EndpointWebMvcAutoConfiguration$ApplicationContextFilterConfiguration': no URL paths identified
2017-11-20 11:24:04.048 DEBUG 9100 --- [restartedMain] o.s.w.s.h.BeanNameUrlHandlerMapping      : Rejected bean name 'applicationContextIdFilter': no URL paths identified
2017-11-20 11:24:04.048 DEBUG 9100 --- [restartedMain] o.s.w.s.h.BeanNameUrlHandlerMapping      : Rejected bean name 'org.springframework.boot.actuate.autoconfigure.EndpointWebMvcAutoConfiguration': no URL paths identified
2017-11-20 11:24:04.048 DEBUG 9100 --- [restartedMain] o.s.w.s.h.BeanNameUrlHandlerMapping      : Rejected bean name 'managementContextResolver': no URL paths identified
2017-11-20 11:24:04.048 DEBUG 9100 --- [restartedMain] o.s.w.s.h.BeanNameUrlHandlerMapping      : Rejected bean name 'managementServletContext': no URL paths identified
2017-11-20 11:24:04.048 DEBUG 9100 --- [restartedMain] o.s.w.s.h.BeanNameUrlHandlerMapping      : Rejected bean name 'org.springframework.boot.actuate.autoconfigure.MetricExportAutoConfiguration$MetricExportPropertiesConfiguration': no URL paths identified
2017-11-20 11:24:04.048 DEBUG 9100 --- [restartedMain] o.s.w.s.h.BeanNameUrlHandlerMapping      : Rejected bean name 'spring.metrics.export-org.springframework.boot.actuate.metrics.export.MetricExportProperties': no URL paths identified
2017-11-20 11:24:04.049 DEBUG 9100 --- [restartedMain] o.s.w.s.h.BeanNameUrlHandlerMapping      : Rejected bean name 'org.springframework.boot.actuate.autoconfigure.MetricExportAutoConfiguration$StatsdConfiguration': no URL paths identified
2017-11-20 11:24:04.049 DEBUG 9100 --- [restartedMain] o.s.w.s.h.BeanNameUrlHandlerMapping      : Rejected bean name 'org.springframework.scheduling.annotation.SchedulingConfiguration': no URL paths identified
2017-11-20 11:24:04.049 DEBUG 9100 --- [restartedMain] o.s.w.s.h.BeanNameUrlHandlerMapping      : Rejected bean name 'org.springframework.context.annotation.internalScheduledAnnotationProcessor': no URL paths identified
2017-11-20 11:24:04.049 DEBUG 9100 --- [restartedMain] o.s.w.s.h.BeanNameUrlHandlerMapping      : Rejected bean name 'org.springframework.boot.actuate.autoconfigure.MetricExportAutoConfiguration': no URL paths identified
2017-11-20 11:24:04.049 DEBUG 9100 --- [restartedMain] o.s.w.s.h.BeanNameUrlHandlerMapping      : Rejected bean name 'metricWritersMetricExporter': no URL paths identified
2017-11-20 11:24:04.049 DEBUG 9100 --- [restartedMain] o.s.w.s.h.BeanNameUrlHandlerMapping      : Rejected bean name 'org.springframework.boot.actuate.autoconfigure.MetricFilterAutoConfiguration': no URL paths identified
2017-11-20 11:24:04.049 DEBUG 9100 --- [restartedMain] o.s.w.s.h.BeanNameUrlHandlerMapping      : Rejected bean name 'metricsFilter': no URL paths identified
2017-11-20 11:24:04.049 DEBUG 9100 --- [restartedMain] o.s.w.s.h.BeanNameUrlHandlerMapping      : Rejected bean name 'endpoints.metrics.filter-org.springframework.boot.actuate.autoconfigure.MetricFilterProperties': no URL paths identified
2017-11-20 11:24:04.049 DEBUG 9100 --- [restartedMain] o.s.w.s.h.BeanNameUrlHandlerMapping      : Rejected bean name 'org.springframework.boot.actuate.autoconfigure.TraceRepositoryAutoConfiguration': no URL paths identified
2017-11-20 11:24:04.049 DEBUG 9100 --- [restartedMain] o.s.w.s.h.BeanNameUrlHandlerMapping      : Rejected bean name 'traceRepository': no URL paths identified
2017-11-20 11:24:04.049 DEBUG 9100 --- [restartedMain] o.s.w.s.h.BeanNameUrlHandlerMapping      : Rejected bean name 'org.springframework.boot.actuate.autoconfigure.TraceWebFilterAutoConfiguration': no URL paths identified
2017-11-20 11:24:04.049 DEBUG 9100 --- [restartedMain] o.s.w.s.h.BeanNameUrlHandlerMapping      : Rejected bean name 'webRequestLoggingFilter': no URL paths identified
2017-11-20 11:24:04.049 DEBUG 9100 --- [restartedMain] o.s.w.s.h.BeanNameUrlHandlerMapping      : Rejected bean name 'management.trace-org.springframework.boot.actuate.trace.TraceProperties': no URL paths identified
2017-11-20 11:24:04.049 DEBUG 9100 --- [restartedMain] o.s.w.s.h.BeanNameUrlHandlerMapping      : Rejected bean name 'org.springframework.boot.autoconfigure.context.ConfigurationPropertiesAutoConfiguration': no URL paths identified
2017-11-20 11:24:04.049 DEBUG 9100 --- [restartedMain] o.s.w.s.h.BeanNameUrlHandlerMapping      : Rejected bean name 'org.springframework.boot.autoconfigure.dao.PersistenceExceptionTranslationAutoConfiguration': no URL paths identified
2017-11-20 11:24:04.049 DEBUG 9100 --- [restartedMain] o.s.w.s.h.BeanNameUrlHandlerMapping      : Rejected bean name 'persistenceExceptionTranslationPostProcessor': no URL paths identified
2017-11-20 11:24:04.049 DEBUG 9100 --- [restartedMain] o.s.w.s.h.BeanNameUrlHandlerMapping      : Rejected bean name 'org.springframework.boot.autoconfigure.data.redis.RedisRepositoriesAutoConfiguration': no URL paths identified
2017-11-20 11:24:04.050 DEBUG 9100 --- [restartedMain] o.s.w.s.h.BeanNameUrlHandlerMapping      : Rejected bean name 'keyValueMappingContext': no URL paths identified
2017-11-20 11:24:04.050 DEBUG 9100 --- [restartedMain] o.s.w.s.h.BeanNameUrlHandlerMapping      : Rejected bean name 'redisCustomConversions': no URL paths identified
2017-11-20 11:24:04.050 DEBUG 9100 --- [restartedMain] o.s.w.s.h.BeanNameUrlHandlerMapping      : Rejected bean name 'redisReferenceResolver': no URL paths identified
2017-11-20 11:24:04.050 DEBUG 9100 --- [restartedMain] o.s.w.s.h.BeanNameUrlHandlerMapping      : Rejected bean name 'redisConverter': no URL paths identified
2017-11-20 11:24:04.050 DEBUG 9100 --- [restartedMain] o.s.w.s.h.BeanNameUrlHandlerMapping      : Rejected bean name 'redisKeyValueAdapter': no URL paths identified
2017-11-20 11:24:04.050 DEBUG 9100 --- [restartedMain] o.s.w.s.h.BeanNameUrlHandlerMapping      : Rejected bean name 'redisKeyValueTemplate': no URL paths identified
2017-11-20 11:24:04.050 DEBUG 9100 --- [restartedMain] o.s.w.s.h.BeanNameUrlHandlerMapping      : Rejected bean name 'org.springframework.data.web.config.SpringDataWebConfiguration': no URL paths identified
2017-11-20 11:24:04.050 DEBUG 9100 --- [restartedMain] o.s.w.s.h.BeanNameUrlHandlerMapping      : Rejected bean name 'pageableResolver': no URL paths identified
2017-11-20 11:24:04.050 DEBUG 9100 --- [restartedMain] o.s.w.s.h.BeanNameUrlHandlerMapping      : Rejected bean name 'sortResolver': no URL paths identified
2017-11-20 11:24:04.050 DEBUG 9100 --- [restartedMain] o.s.w.s.h.BeanNameUrlHandlerMapping      : Rejected bean name 'org.springframework.data.web.config.SpringDataJacksonConfiguration': no URL paths identified
2017-11-20 11:24:04.050 DEBUG 9100 --- [restartedMain] o.s.w.s.h.BeanNameUrlHandlerMapping      : Rejected bean name 'jacksonGeoModule': no URL paths identified
2017-11-20 11:24:04.050 DEBUG 9100 --- [restartedMain] o.s.w.s.h.BeanNameUrlHandlerMapping      : Rejected bean name 'org.springframework.boot.autoconfigure.data.web.SpringDataWebAutoConfiguration': no URL paths identified
2017-11-20 11:24:04.050 DEBUG 9100 --- [restartedMain] o.s.w.s.h.BeanNameUrlHandlerMapping      : Rejected bean name 'org.springframework.boot.autoconfigure.jdbc.DataSourceTransactionManagerAutoConfiguration$DataSourceTransactionManagerConfiguration': no URL paths identified
2017-11-20 11:24:04.050 DEBUG 9100 --- [restartedMain] o.s.w.s.h.BeanNameUrlHandlerMapping      : Rejected bean name 'org.springframework.boot.autoconfigure.jdbc.DataSourceTransactionManagerAutoConfiguration': no URL paths identified
2017-11-20 11:24:04.050 DEBUG 9100 --- [restartedMain] o.s.w.s.h.BeanNameUrlHandlerMapping      : Rejected bean name 'org.springframework.boot.autoconfigure.jdbc.JdbcTemplateAutoConfiguration': no URL paths identified
2017-11-20 11:24:04.050 DEBUG 9100 --- [restartedMain] o.s.w.s.h.BeanNameUrlHandlerMapping      : Rejected bean name 'jdbcTemplate': no URL paths identified
2017-11-20 11:24:04.051 DEBUG 9100 --- [restartedMain] o.s.w.s.h.BeanNameUrlHandlerMapping      : Rejected bean name 'namedParameterJdbcTemplate': no URL paths identified
2017-11-20 11:24:04.051 DEBUG 9100 --- [restartedMain] o.s.w.s.h.BeanNameUrlHandlerMapping      : Rejected bean name 'org.springframework.boot.autoconfigure.security.SecurityFilterAutoConfiguration': no URL paths identified
2017-11-20 11:24:04.051 DEBUG 9100 --- [restartedMain] o.s.w.s.h.BeanNameUrlHandlerMapping      : Rejected bean name 'securityFilterChainRegistration': no URL paths identified
2017-11-20 11:24:04.051 DEBUG 9100 --- [restartedMain] o.s.w.s.h.BeanNameUrlHandlerMapping      : Rejected bean name 'org.springframework.transaction.annotation.ProxyTransactionManagementConfiguration': no URL paths identified
2017-11-20 11:24:04.051 DEBUG 9100 --- [restartedMain] o.s.w.s.h.BeanNameUrlHandlerMapping      : Rejected bean name 'org.springframework.transaction.config.internalTransactionAdvisor': no URL paths identified
2017-11-20 11:24:04.051 DEBUG 9100 --- [restartedMain] o.s.w.s.h.BeanNameUrlHandlerMapping      : Rejected bean name 'transactionAttributeSource': no URL paths identified
2017-11-20 11:24:04.051 DEBUG 9100 --- [restartedMain] o.s.w.s.h.BeanNameUrlHandlerMapping      : Rejected bean name 'transactionInterceptor': no URL paths identified
2017-11-20 11:24:04.051 DEBUG 9100 --- [restartedMain] o.s.w.s.h.BeanNameUrlHandlerMapping      : Rejected bean name 'org.springframework.transaction.config.internalTransactionalEventListenerFactory': no URL paths identified
2017-11-20 11:24:04.051 DEBUG 9100 --- [restartedMain] o.s.w.s.h.BeanNameUrlHandlerMapping      : Rejected bean name 'org.springframework.boot.autoconfigure.transaction.TransactionAutoConfiguration$EnableTransactionManagementConfiguration$CglibAutoProxyConfiguration': no URL paths identified
2017-11-20 11:24:04.051 DEBUG 9100 --- [restartedMain] o.s.w.s.h.BeanNameUrlHandlerMapping      : Rejected bean name 'org.springframework.boot.autoconfigure.transaction.TransactionAutoConfiguration$EnableTransactionManagementConfiguration': no URL paths identified
2017-11-20 11:24:04.051 DEBUG 9100 --- [restartedMain] o.s.w.s.h.BeanNameUrlHandlerMapping      : Rejected bean name 'org.springframework.boot.autoconfigure.transaction.TransactionAutoConfiguration$TransactionTemplateConfiguration': no URL paths identified
2017-11-20 11:24:04.051 DEBUG 9100 --- [restartedMain] o.s.w.s.h.BeanNameUrlHandlerMapping      : Rejected bean name 'transactionTemplate': no URL paths identified
2017-11-20 11:24:04.051 DEBUG 9100 --- [restartedMain] o.s.w.s.h.BeanNameUrlHandlerMapping      : Rejected bean name 'org.springframework.boot.autoconfigure.transaction.TransactionAutoConfiguration': no URL paths identified
2017-11-20 11:24:04.051 DEBUG 9100 --- [restartedMain] o.s.w.s.h.BeanNameUrlHandlerMapping      : Rejected bean name 'platformTransactionManagerCustomizers': no URL paths identified
2017-11-20 11:24:04.051 DEBUG 9100 --- [restartedMain] o.s.w.s.h.BeanNameUrlHandlerMapping      : Rejected bean name 'spring.transaction-org.springframework.boot.autoconfigure.transaction.TransactionProperties': no URL paths identified
2017-11-20 11:24:04.052 DEBUG 9100 --- [restartedMain] o.s.w.s.h.BeanNameUrlHandlerMapping      : Rejected bean name 'org.springframework.boot.autoconfigure.web.HttpEncodingAutoConfiguration': no URL paths identified
2017-11-20 11:24:04.052 DEBUG 9100 --- [restartedMain] o.s.w.s.h.BeanNameUrlHandlerMapping      : Rejected bean name 'characterEncodingFilter': no URL paths identified
2017-11-20 11:24:04.052 DEBUG 9100 --- [restartedMain] o.s.w.s.h.BeanNameUrlHandlerMapping      : Rejected bean name 'localeCharsetMappingsCustomizer': no URL paths identified
2017-11-20 11:24:04.052 DEBUG 9100 --- [restartedMain] o.s.w.s.h.BeanNameUrlHandlerMapping      : Rejected bean name 'org.springframework.boot.autoconfigure.web.MultipartAutoConfiguration': no URL paths identified
2017-11-20 11:24:04.052 DEBUG 9100 --- [restartedMain] o.s.w.s.h.BeanNameUrlHandlerMapping      : Rejected bean name 'multipartConfigElement': no URL paths identified
2017-11-20 11:24:04.052 DEBUG 9100 --- [restartedMain] o.s.w.s.h.BeanNameUrlHandlerMapping      : Rejected bean name 'multipartResolver': no URL paths identified
2017-11-20 11:24:04.052 DEBUG 9100 --- [restartedMain] o.s.w.s.h.BeanNameUrlHandlerMapping      : Rejected bean name 'spring.http.multipart-org.springframework.boot.autoconfigure.web.MultipartProperties': no URL paths identified
2017-11-20 11:24:04.052 DEBUG 9100 --- [restartedMain] o.s.w.s.h.BeanNameUrlHandlerMapping      : Rejected bean name 'org.springframework.boot.autoconfigure.web.WebClientAutoConfiguration$RestTemplateConfiguration': no URL paths identified
2017-11-20 11:24:04.052 DEBUG 9100 --- [restartedMain] o.s.w.s.h.BeanNameUrlHandlerMapping      : Rejected bean name 'restTemplateBuilder': no URL paths identified
2017-11-20 11:24:04.052 DEBUG 9100 --- [restartedMain] o.s.w.s.h.BeanNameUrlHandlerMapping      : Rejected bean name 'org.springframework.boot.autoconfigure.web.WebClientAutoConfiguration': no URL paths identified
2017-11-20 11:24:04.052 DEBUG 9100 --- [restartedMain] o.s.w.s.h.BeanNameUrlHandlerMapping      : Rejected bean name 'org.springframework.boot.devtools.autoconfigure.LocalDevToolsAutoConfiguration$RestartConfiguration': no URL paths identified
2017-11-20 11:24:04.052 DEBUG 9100 --- [restartedMain] o.s.w.s.h.BeanNameUrlHandlerMapping      : Rejected bean name 'classPathFileSystemWatcher': no URL paths identified
2017-11-20 11:24:04.052 DEBUG 9100 --- [restartedMain] o.s.w.s.h.BeanNameUrlHandlerMapping      : Rejected bean name 'classPathRestartStrategy': no URL paths identified
2017-11-20 11:24:04.052 DEBUG 9100 --- [restartedMain] o.s.w.s.h.BeanNameUrlHandlerMapping      : Rejected bean name 'hateoasObjenesisCacheDisabler': no URL paths identified
2017-11-20 11:24:04.052 DEBUG 9100 --- [restartedMain] o.s.w.s.h.BeanNameUrlHandlerMapping      : Rejected bean name 'fileSystemWatcherFactory': no URL paths identified
2017-11-20 11:24:04.052 DEBUG 9100 --- [restartedMain] o.s.w.s.h.BeanNameUrlHandlerMapping      : Rejected bean name 'org.springframework.boot.devtools.autoconfigure.LocalDevToolsAutoConfiguration$LiveReloadConfiguration': no URL paths identified
2017-11-20 11:24:04.053 DEBUG 9100 --- [restartedMain] o.s.w.s.h.BeanNameUrlHandlerMapping      : Rejected bean name 'liveReloadServer': no URL paths identified
2017-11-20 11:24:04.053 DEBUG 9100 --- [restartedMain] o.s.w.s.h.BeanNameUrlHandlerMapping      : Rejected bean name 'optionalLiveReloadServer': no URL paths identified
2017-11-20 11:24:04.053 DEBUG 9100 --- [restartedMain] o.s.w.s.h.BeanNameUrlHandlerMapping      : Rejected bean name 'org.springframework.boot.devtools.autoconfigure.LocalDevToolsAutoConfiguration': no URL paths identified
2017-11-20 11:24:04.053 DEBUG 9100 --- [restartedMain] o.s.w.s.h.BeanNameUrlHandlerMapping      : Rejected bean name 'spring.devtools-org.springframework.boot.devtools.autoconfigure.DevToolsProperties': no URL paths identified
2017-11-20 11:24:04.053 DEBUG 9100 --- [restartedMain] o.s.w.s.h.BeanNameUrlHandlerMapping      : Rejected bean name 'autoConfigurationReport': no URL paths identified
2017-11-20 11:24:04.053 DEBUG 9100 --- [restartedMain] o.s.w.s.h.BeanNameUrlHandlerMapping      : Rejected bean name 'springApplicationArguments': no URL paths identified
2017-11-20 11:24:04.053 DEBUG 9100 --- [restartedMain] o.s.w.s.h.BeanNameUrlHandlerMapping      : Rejected bean name 'springBootLoggingSystem': no URL paths identified
2017-11-20 11:24:04.053 DEBUG 9100 --- [restartedMain] o.s.w.s.h.BeanNameUrlHandlerMapping      : Rejected bean name 'environment': no URL paths identified
2017-11-20 11:24:04.053 DEBUG 9100 --- [restartedMain] o.s.w.s.h.BeanNameUrlHandlerMapping      : Rejected bean name 'systemProperties': no URL paths identified
2017-11-20 11:24:04.053 DEBUG 9100 --- [restartedMain] o.s.w.s.h.BeanNameUrlHandlerMapping      : Rejected bean name 'systemEnvironment': no URL paths identified
2017-11-20 11:24:04.053 DEBUG 9100 --- [restartedMain] o.s.w.s.h.BeanNameUrlHandlerMapping      : Rejected bean name 'org.springframework.context.annotation.ConfigurationClassPostProcessor.importRegistry': no URL paths identified
2017-11-20 11:24:04.053 DEBUG 9100 --- [restartedMain] o.s.w.s.h.BeanNameUrlHandlerMapping      : Rejected bean name 'messageSource': no URL paths identified
2017-11-20 11:24:04.053 DEBUG 9100 --- [restartedMain] o.s.w.s.h.BeanNameUrlHandlerMapping      : Rejected bean name 'applicationEventMulticaster': no URL paths identified
2017-11-20 11:24:04.053 DEBUG 9100 --- [restartedMain] o.s.w.s.h.BeanNameUrlHandlerMapping      : Rejected bean name 'servletContext': no URL paths identified
2017-11-20 11:24:04.053 DEBUG 9100 --- [restartedMain] o.s.w.s.h.BeanNameUrlHandlerMapping      : Rejected bean name 'contextParameters': no URL paths identified
2017-11-20 11:24:04.053 DEBUG 9100 --- [restartedMain] o.s.w.s.h.BeanNameUrlHandlerMapping      : Rejected bean name 'contextAttributes': no URL paths identified
2017-11-20 11:24:04.065  INFO 9100 --- [restartedMain] o.s.w.s.handler.SimpleUrlHandlerMapping  : Mapped URL path [/webjars/**] onto handler of type [class org.springframework.web.servlet.resource.ResourceHttpRequestHandler]
2017-11-20 11:24:04.065  INFO 9100 --- [restartedMain] o.s.w.s.handler.SimpleUrlHandlerMapping  : Mapped URL path [/**] onto handler of type [class org.springframework.web.servlet.resource.ResourceHttpRequestHandler]
2017-11-20 11:24:04.096  INFO 9100 --- [restartedMain] o.s.w.s.handler.SimpleUrlHandlerMapping  : Mapped URL path [/**/favicon.ico] onto handler of type [class org.springframework.web.servlet.resource.ResourceHttpRequestHandler]
2017-11-20 11:24:04.423  INFO 9100 --- [restartedMain] o.s.b.a.e.mvc.EndpointHandlerMapping     : Mapped "{[/info || /info.json],methods=[GET],produces=[application/vnd.spring-boot.actuator.v1+json || application/json]}" onto public java.lang.Object org.springframework.boot.actuate.endpoint.mvc.EndpointMvcAdapter.invoke()
2017-11-20 11:24:04.423  INFO 9100 --- [restartedMain] o.s.b.a.e.mvc.EndpointHandlerMapping     : Mapped "{[/autoconfig || /autoconfig.json],methods=[GET],produces=[application/vnd.spring-boot.actuator.v1+json || application/json]}" onto public java.lang.Object org.springframework.boot.actuate.endpoint.mvc.EndpointMvcAdapter.invoke()
2017-11-20 11:24:04.423  INFO 9100 --- [restartedMain] o.s.b.a.e.mvc.EndpointHandlerMapping     : Mapped "{[/beans || /beans.json],methods=[GET],produces=[application/vnd.spring-boot.actuator.v1+json || application/json]}" onto public java.lang.Object org.springframework.boot.actuate.endpoint.mvc.EndpointMvcAdapter.invoke()
2017-11-20 11:24:04.423  INFO 9100 --- [restartedMain] o.s.b.a.e.mvc.EndpointHandlerMapping     : Mapped "{[/trace || /trace.json],methods=[GET],produces=[application/vnd.spring-boot.actuator.v1+json || application/json]}" onto public java.lang.Object org.springframework.boot.actuate.endpoint.mvc.EndpointMvcAdapter.invoke()
2017-11-20 11:24:04.423  INFO 9100 --- [restartedMain] o.s.b.a.e.mvc.EndpointHandlerMapping     : Mapped "{[/dump || /dump.json],methods=[GET],produces=[application/vnd.spring-boot.actuator.v1+json || application/json]}" onto public java.lang.Object org.springframework.boot.actuate.endpoint.mvc.EndpointMvcAdapter.invoke()
2017-11-20 11:24:04.423  INFO 9100 --- [restartedMain] o.s.b.a.e.mvc.EndpointHandlerMapping     : Mapped "{[/loggers/{name:.*}],methods=[GET],produces=[application/vnd.spring-boot.actuator.v1+json || application/json]}" onto public java.lang.Object org.springframework.boot.actuate.endpoint.mvc.LoggersMvcEndpoint.get(java.lang.String)
2017-11-20 11:24:04.423  INFO 9100 --- [restartedMain] o.s.b.a.e.mvc.EndpointHandlerMapping     : Mapped "{[/loggers/{name:.*}],methods=[POST],consumes=[application/vnd.spring-boot.actuator.v1+json || application/json],produces=[application/vnd.spring-boot.actuator.v1+json || application/json]}" onto public java.lang.Object org.springframework.boot.actuate.endpoint.mvc.LoggersMvcEndpoint.set(java.lang.String,java.util.Map<java.lang.String, java.lang.String>)
2017-11-20 11:24:04.423  INFO 9100 --- [restartedMain] o.s.b.a.e.mvc.EndpointHandlerMapping     : Mapped "{[/loggers || /loggers.json],methods=[GET],produces=[application/vnd.spring-boot.actuator.v1+json || application/json]}" onto public java.lang.Object org.springframework.boot.actuate.endpoint.mvc.EndpointMvcAdapter.invoke()
2017-11-20 11:24:04.423  INFO 9100 --- [restartedMain] o.s.b.a.e.mvc.EndpointHandlerMapping     : Mapped "{[/heapdump || /heapdump.json],methods=[GET],produces=[application/octet-stream]}" onto public void org.springframework.boot.actuate.endpoint.mvc.HeapdumpMvcEndpoint.invoke(boolean,javax.servlet.http.HttpServletRequest,javax.servlet.http.HttpServletResponse) throws java.io.IOException,javax.servlet.ServletException
2017-11-20 11:24:04.423  INFO 9100 --- [restartedMain] o.s.b.a.e.mvc.EndpointHandlerMapping     : Mapped "{[/auditevents || /auditevents.json],methods=[GET],produces=[application/vnd.spring-boot.actuator.v1+json || application/json]}" onto public org.springframework.http.ResponseEntity<?> org.springframework.boot.actuate.endpoint.mvc.AuditEventsMvcEndpoint.findByPrincipalAndAfterAndType(java.lang.String,java.util.Date,java.lang.String)
2017-11-20 11:24:04.439  INFO 9100 --- [restartedMain] o.s.b.a.e.mvc.EndpointHandlerMapping     : Mapped "{[/mappings || /mappings.json],methods=[GET],produces=[application/vnd.spring-boot.actuator.v1+json || application/json]}" onto public java.lang.Object org.springframework.boot.actuate.endpoint.mvc.EndpointMvcAdapter.invoke()
2017-11-20 11:24:04.439  INFO 9100 --- [restartedMain] o.s.b.a.e.mvc.EndpointHandlerMapping     : Mapped "{[/env/{name:.*}],methods=[GET],produces=[application/vnd.spring-boot.actuator.v1+json || application/json]}" onto public java.lang.Object org.springframework.boot.actuate.endpoint.mvc.EnvironmentMvcEndpoint.value(java.lang.String)
2017-11-20 11:24:04.439  INFO 9100 --- [restartedMain] o.s.b.a.e.mvc.EndpointHandlerMapping     : Mapped "{[/env || /env.json],methods=[GET],produces=[application/vnd.spring-boot.actuator.v1+json || application/json]}" onto public java.lang.Object org.springframework.boot.actuate.endpoint.mvc.EndpointMvcAdapter.invoke()
2017-11-20 11:24:04.439  INFO 9100 --- [restartedMain] o.s.b.a.e.mvc.EndpointHandlerMapping     : Mapped "{[/logfile || /logfile.json],methods=[GET || HEAD]}" onto public void org.springframework.boot.actuate.endpoint.mvc.LogFileMvcEndpoint.invoke(javax.servlet.http.HttpServletRequest,javax.servlet.http.HttpServletResponse) throws javax.servlet.ServletException,java.io.IOException
2017-11-20 11:24:04.439  INFO 9100 --- [restartedMain] o.s.b.a.e.mvc.EndpointHandlerMapping     : Mapped "{[/health || /health.json],methods=[GET],produces=[application/vnd.spring-boot.actuator.v1+json || application/json]}" onto public java.lang.Object org.springframework.boot.actuate.endpoint.mvc.HealthMvcEndpoint.invoke(javax.servlet.http.HttpServletRequest,java.security.Principal)
2017-11-20 11:24:04.439  INFO 9100 --- [restartedMain] o.s.b.a.e.mvc.EndpointHandlerMapping     : Mapped "{[/metrics/{name:.*}],methods=[GET],produces=[application/vnd.spring-boot.actuator.v1+json || application/json]}" onto public java.lang.Object org.springframework.boot.actuate.endpoint.mvc.MetricsMvcEndpoint.value(java.lang.String)
2017-11-20 11:24:04.439  INFO 9100 --- [restartedMain] o.s.b.a.e.mvc.EndpointHandlerMapping     : Mapped "{[/metrics || /metrics.json],methods=[GET],produces=[application/vnd.spring-boot.actuator.v1+json || application/json]}" onto public java.lang.Object org.springframework.boot.actuate.endpoint.mvc.EndpointMvcAdapter.invoke()
2017-11-20 11:24:04.439  INFO 9100 --- [restartedMain] o.s.b.a.e.mvc.EndpointHandlerMapping     : Mapped "{[/configprops || /configprops.json],methods=[GET],produces=[application/vnd.spring-boot.actuator.v1+json || application/json]}" onto public java.lang.Object org.springframework.boot.actuate.endpoint.mvc.EndpointMvcAdapter.invoke()
2017-11-20 11:24:04.455  INFO 9100 --- [restartedMain] o.s.s.web.DefaultSecurityFilterChain     : Creating filter chain: org.springframework.boot.actuate.autoconfigure.ManagementWebSecurityAutoConfiguration$LazyEndpointPathRequestMatcher@15d42fc, [org.springframework.security.web.context.request.async.WebAsyncManagerIntegrationFilter@150e74c, org.springframework.security.web.context.SecurityContextPersistenceFilter@158e35b, org.springframework.security.web.header.HeaderWriterFilter@6ddb4c, org.springframework.web.filter.CorsFilter@c69f07, org.springframework.security.web.authentication.logout.LogoutFilter@44c0d8, org.springframework.security.web.authentication.www.BasicAuthenticationFilter@2d1c7e, org.springframework.security.web.savedrequest.RequestCacheAwareFilter@1f4eece, org.springframework.security.web.servletapi.SecurityContextHolderAwareRequestFilter@18defc7, org.springframework.security.web.authentication.AnonymousAuthenticationFilter@1a876b0, org.springframework.security.web.session.SessionManagementFilter@142c91f, org.springframework.security.web.access.ExceptionTranslationFilter@1df3a24, org.springframework.security.web.access.intercept.FilterSecurityInterceptor@491772]
2017-11-20 11:24:04.707  INFO 9100 --- [restartedMain] s.w.s.m.m.a.RequestMappingHandlerAdapter : Looking for @ControllerAdvice: org.springframework.boot.context.embedded.AnnotationConfigEmbeddedWebApplicationContext@1ae1cb1: startup date [Mon Nov 20 11:24:00 CST 2017]; root of context hierarchy
2017-11-20 11:24:04.754 DEBUG 9100 --- [restartedMain] .m.m.a.ExceptionHandlerExceptionResolver : Looking for exception mappings: org.springframework.boot.context.embedded.AnnotationConfigEmbeddedWebApplicationContext@1ae1cb1: startup date [Mon Nov 20 11:24:00 CST 2017]; root of context hierarchy
2017-11-20 11:24:05.238  INFO 9100 --- [restartedMain] o.s.b.d.a.OptionalLiveReloadServer       : LiveReload server is running on port 35729
2017-11-20 11:24:05.285  INFO 9100 --- [restartedMain] o.s.j.e.a.AnnotationMBeanExporter        : Registering beans for JMX exposure on startup
2017-11-20 11:24:05.301 DEBUG 9100 --- [restartedMain] o.s.w.c.s.StandardServletEnvironment     : Adding PropertySource 'Management Server' with lowest search precedence
2017-11-20 11:24:05.301  INFO 9100 --- [restartedMain] o.s.c.support.DefaultLifecycleProcessor  : Starting beans in phase 0
2017-11-20 11:24:05.348 DEBUG 9100 --- [restartedMain] o.s.w.s.resource.ResourceUrlProvider     : Looking for resource handler mappings
2017-11-20 11:24:05.348 DEBUG 9100 --- [restartedMain] o.s.w.s.resource.ResourceUrlProvider     : Found resource handler mapping: URL pattern="/**/favicon.ico", locations=[ServletContext resource [/], class path resource [META-INF/resources/], class path resource [resources/], class path resource [static/], class path resource [public/], class path resource []], resolvers=[org.springframework.web.servlet.resource.PathResourceResolver@1713bc9]
2017-11-20 11:24:05.348 DEBUG 9100 --- [restartedMain] o.s.w.s.resource.ResourceUrlProvider     : Found resource handler mapping: URL pattern="/webjars/**", locations=[class path resource [META-INF/resources/webjars/]], resolvers=[org.springframework.web.servlet.resource.PathResourceResolver@1bcb992]
2017-11-20 11:24:05.348 DEBUG 9100 --- [restartedMain] o.s.w.s.resource.ResourceUrlProvider     : Found resource handler mapping: URL pattern="/**", locations=[ServletContext resource [/], class path resource [META-INF/resources/], class path resource [resources/], class path resource [static/], class path resource [public/]], resolvers=[org.springframework.web.servlet.resource.PathResourceResolver@1a8035c]
2017-11-20 11:24:05.363 DEBUG 9100 --- [restartedMain] o.s.web.servlet.DispatcherServlet        : Initializing servlet 'dispatcherServlet'
2017-11-20 11:24:05.363  INFO 9100 --- [restartedMain] o.e.j.s.h.ContextHandler.application     : Initializing Spring FrameworkServlet 'dispatcherServlet'
2017-11-20 11:24:05.363  INFO 9100 --- [restartedMain] o.s.web.servlet.DispatcherServlet        : FrameworkServlet 'dispatcherServlet': initialization started
2017-11-20 11:24:05.363 DEBUG 9100 --- [restartedMain] o.s.web.servlet.DispatcherServlet        : Using MultipartResolver [org.springframework.web.multipart.support.StandardServletMultipartResolver@1222848]
2017-11-20 11:24:05.363 DEBUG 9100 --- [restartedMain] o.s.web.servlet.DispatcherServlet        : Unable to locate LocaleResolver with name 'localeResolver': using default [org.springframework.web.servlet.i18n.AcceptHeaderLocaleResolver@164b948]
2017-11-20 11:24:05.363 DEBUG 9100 --- [restartedMain] o.s.web.servlet.DispatcherServlet        : Unable to locate ThemeResolver with name 'themeResolver': using default [org.springframework.web.servlet.theme.FixedThemeResolver@ff32c3]
2017-11-20 11:24:05.363 DEBUG 9100 --- [restartedMain] o.s.web.servlet.DispatcherServlet        : Unable to locate RequestToViewNameTranslator with name 'viewNameTranslator': using default [org.springframework.web.servlet.view.DefaultRequestToViewNameTranslator@6f7758]
2017-11-20 11:24:05.363 DEBUG 9100 --- [restartedMain] o.s.web.servlet.DispatcherServlet        : Unable to locate FlashMapManager with name 'flashMapManager': using default [org.springframework.web.servlet.support.SessionFlashMapManager@cd6141]
2017-11-20 11:24:05.363 DEBUG 9100 --- [restartedMain] o.s.web.servlet.DispatcherServlet        : Published WebApplicationContext of servlet 'dispatcherServlet' as ServletContext attribute with name [org.springframework.web.servlet.FrameworkServlet.CONTEXT.dispatcherServlet]
2017-11-20 11:24:05.363  INFO 9100 --- [restartedMain] o.s.web.servlet.DispatcherServlet        : FrameworkServlet 'dispatcherServlet': initialization completed in 0 ms
2017-11-20 11:24:05.363 DEBUG 9100 --- [restartedMain] o.s.web.servlet.DispatcherServlet        : Servlet 'dispatcherServlet' configured successfully
2017-11-20 11:24:05.379  INFO 9100 --- [restartedMain] o.e.jetty.server.AbstractConnector       : Started ServerConnector@ec8410{HTTP/1.1,[http/1.1]}{0.0.0.0:8080}
2017-11-20 11:24:05.395  INFO 9100 --- [restartedMain] .s.b.c.e.j.JettyEmbeddedServletContainer : Jetty started on port(s) 8080 (http/1.1)
2017-11-20 11:24:05.395 DEBUG 9100 --- [restartedMain] o.s.w.c.s.StandardServletEnvironment     : Adding PropertySource 'server.ports' with highest search precedence
2017-11-20 11:24:05.395  INFO 9100 --- [restartedMain] com.lk.Application                       : Started Application in 4.806 seconds (JVM running for 5.208)
